<?xml version="1.0" encoding="UTF-8"?>
<testsuites>
  <testsuite name="C:\wamp64\www\order-portal\phpunit.xml" tests="502" assertions="3282" errors="0" failures="10" skipped="0" time="336.057766">
    <testsuite name="Unit" tests="20" assertions="54" errors="0" failures="0" skipped="0" time="10.059144">
      <testsuite name="Tests\Unit\ExampleTest" file="C:\wamp64\www\order-portal\tests\Unit\ExampleTest.php" tests="1" assertions="1" errors="0" failures="0" skipped="0" time="0.002276">
        <testcase name="test_that_true_is_true" file="C:\wamp64\www\order-portal\tests\Unit\ExampleTest.php" line="12" class="Tests\Unit\ExampleTest" classname="Tests.Unit.ExampleTest" assertions="1" time="0.002276"/>
      </testsuite>
      <testsuite name="Tests\Unit\FleetCostReportServiceTest" file="C:\wamp64\www\order-portal\tests\Unit\FleetCostReportServiceTest.php" tests="3" assertions="18" errors="0" failures="0" skipped="0" time="6.489488">
        <testcase name="test_summarize_maintenance_respects_date_vehicle_and_workshop" file="C:\wamp64\www\order-portal\tests\Unit\FleetCostReportServiceTest.php" line="63" class="Tests\Unit\FleetCostReportServiceTest" classname="Tests.Unit.FleetCostReportServiceTest" assertions="7" time="5.870623"/>
        <testcase name="test_summarize_rental_charges_respects_payment_status" file="C:\wamp64\www\order-portal\tests\Unit\FleetCostReportServiceTest.php" line="109" class="Tests\Unit\FleetCostReportServiceTest" classname="Tests.Unit.FleetCostReportServiceTest" assertions="7" time="0.313540"/>
        <testcase name="test_summarize_driver_pay_respects_date_filter" file="C:\wamp64\www\order-portal\tests\Unit\FleetCostReportServiceTest.php" line="155" class="Tests\Unit\FleetCostReportServiceTest" classname="Tests.Unit.FleetCostReportServiceTest" assertions="4" time="0.305325"/>
      </testsuite>
      <testsuite name="Tests\Unit\NotificationUrlTest" file="C:\wamp64\www\order-portal\tests\Unit\NotificationUrlTest.php" tests="4" assertions="5" errors="0" failures="0" skipped="0" time="0.872718">
        <testcase name="test_resolve_strips_host_from_absolute_url" file="C:\wamp64\www\order-portal\tests\Unit\NotificationUrlTest.php" line="10" class="Tests\Unit\NotificationUrlTest" classname="Tests.Unit.NotificationUrlTest" assertions="1" time="0.230152"/>
        <testcase name="test_resolve_preserves_query_string" file="C:\wamp64\www\order-portal\tests\Unit\NotificationUrlTest.php" line="18" class="Tests\Unit\NotificationUrlTest" classname="Tests.Unit.NotificationUrlTest" assertions="1" time="0.255603"/>
        <testcase name="test_resolve_keeps_relative_path" file="C:\wamp64\www\order-portal\tests\Unit\NotificationUrlTest.php" line="26" class="Tests\Unit\NotificationUrlTest" classname="Tests.Unit.NotificationUrlTest" assertions="1" time="0.199110"/>
        <testcase name="test_route_generates_relative_path" file="C:\wamp64\www\order-portal\tests\Unit\NotificationUrlTest.php" line="31" class="Tests\Unit\NotificationUrlTest" classname="Tests.Unit.NotificationUrlTest" assertions="2" time="0.187854"/>
      </testsuite>
      <testsuite name="Tests\Unit\PortalNumberTest" file="C:\wamp64\www\order-portal\tests\Unit\PortalNumberTest.php" tests="1" assertions="5" errors="0" failures="0" skipped="0" time="0.006241">
        <testcase name="test_quantity_strips_trailing_zeros" file="C:\wamp64\www\order-portal\tests\Unit\PortalNumberTest.php" line="10" class="Tests\Unit\PortalNumberTest" classname="Tests.Unit.PortalNumberTest" assertions="5" time="0.006241"/>
      </testsuite>
      <testsuite name="Tests\Unit\QuoteBreakdownServiceTest" file="C:\wamp64\www\order-portal\tests\Unit\QuoteBreakdownServiceTest.php" tests="4" assertions="8" errors="0" failures="0" skipped="0" time="0.873259">
        <testcase name="test_fob_woven_includes_logistics_section" file="C:\wamp64\www\order-portal\tests\Unit\QuoteBreakdownServiceTest.php" line="18" class="Tests\Unit\QuoteBreakdownServiceTest" classname="Tests.Unit.QuoteBreakdownServiceTest" assertions="2" time="0.227740"/>
        <testcase name="test_cm_woven_excludes_logistics_section" file="C:\wamp64\www\order-portal\tests\Unit\QuoteBreakdownServiceTest.php" line="28" class="Tests\Unit\QuoteBreakdownServiceTest" classname="Tests.Unit.QuoteBreakdownServiceTest" assertions="2" time="0.208924"/>
        <testcase name="test_knit_template_uses_yarn_section_not_woven_fabric" file="C:\wamp64\www\order-portal\tests\Unit\QuoteBreakdownServiceTest.php" line="38" class="Tests\Unit\QuoteBreakdownServiceTest" classname="Tests.Unit.QuoteBreakdownServiceTest" assertions="2" time="0.217136"/>
        <testcase name="test_calculates_consumption_and_order_total" file="C:\wamp64\www\order-portal\tests\Unit\QuoteBreakdownServiceTest.php" line="48" class="Tests\Unit\QuoteBreakdownServiceTest" classname="Tests.Unit.QuoteBreakdownServiceTest" assertions="2" time="0.219459"/>
      </testsuite>
      <testsuite name="Tests\Unit\TimeInputTest" file="C:\wamp64\www\order-portal\tests\Unit\TimeInputTest.php" tests="3" assertions="9" errors="0" failures="0" skipped="0" time="0.852985">
        <testcase name="test_format_for_input_converts_twelve_hour_values" file="C:\wamp64\www\order-portal\tests\Unit\TimeInputTest.php" line="10" class="Tests\Unit\TimeInputTest" classname="Tests.Unit.TimeInputTest" assertions="3" time="0.335599"/>
        <testcase name="test_normalize_accepts_twelve_and_twenty_four_hour_values" file="C:\wamp64\www\order-portal\tests\Unit\TimeInputTest.php" line="17" class="Tests\Unit\TimeInputTest" classname="Tests.Unit.TimeInputTest" assertions="4" time="0.316980"/>
        <testcase name="test_format_for_display_uses_twelve_hour_clock" file="C:\wamp64\www\order-portal\tests\Unit\TimeInputTest.php" line="25" class="Tests\Unit\TimeInputTest" classname="Tests.Unit.TimeInputTest" assertions="2" time="0.200406"/>
      </testsuite>
      <testsuite name="Tests\Unit\TmsDashboardServiceTest" file="C:\wamp64\www\order-portal\tests\Unit\TmsDashboardServiceTest.php" tests="3" assertions="6" errors="0" failures="0" skipped="0" time="0.729302">
        <testcase name="test_view_only_users_see_no_create_quick_actions" file="C:\wamp64\www\order-portal\tests\Unit\TmsDashboardServiceTest.php" line="16" class="Tests\Unit\TmsDashboardServiceTest" classname="Tests.Unit.TmsDashboardServiceTest" assertions="1" time="0.266667"/>
        <testcase name="test_manage_permission_shows_matching_create_actions" file="C:\wamp64\www\order-portal\tests\Unit\TmsDashboardServiceTest.php" line="41" class="Tests\Unit\TmsDashboardServiceTest" classname="Tests.Unit.TmsDashboardServiceTest" assertions="3" time="0.221522"/>
        <testcase name="test_transport_officer_sees_vehicle_create_action" file="C:\wamp64\www\order-portal\tests\Unit\TmsDashboardServiceTest.php" line="69" class="Tests\Unit\TmsDashboardServiceTest" classname="Tests.Unit.TmsDashboardServiceTest" assertions="2" time="0.241113"/>
      </testsuite>
      <testsuite name="Tests\Unit\TmsDriverVehiclePivotTest" file="C:\wamp64\www\order-portal\tests\Unit\TmsDriverVehiclePivotTest.php" tests="1" assertions="2" errors="0" failures="0" skipped="0" time="0.232875">
        <testcase name="test_assigned_driver_names_falls_back_when_pivot_table_missing" file="C:\wamp64\www\order-portal\tests\Unit\TmsDriverVehiclePivotTest.php" line="19" class="Tests\Unit\TmsDriverVehiclePivotTest" classname="Tests.Unit.TmsDriverVehiclePivotTest" assertions="2" time="0.232875"/>
      </testsuite>
    </testsuite>
    <testsuite name="Feature" tests="482" assertions="3228" errors="0" failures="10" skipped="0" time="325.998623">
      <testsuite name="Tests\Feature\AdminReportingManagerApprovalTest" file="C:\wamp64\www\order-portal\tests\Feature\AdminReportingManagerApprovalTest.php" tests="5" assertions="11" errors="0" failures="0" skipped="0" time="2.118906">
        <testcase name="test_manager_role_includes_leave_approve_permission" file="C:\wamp64\www\order-portal\tests\Feature\AdminReportingManagerApprovalTest.php" line="96" class="Tests\Feature\AdminReportingManagerApprovalTest" classname="Tests.Feature.AdminReportingManagerApprovalTest" assertions="1" time="0.368002"/>
        <testcase name="test_linked_admin_user_can_approve_reporting_step_from_admin_panel" file="C:\wamp64\www\order-portal\tests\Feature\AdminReportingManagerApprovalTest.php" line="105" class="Tests\Feature\AdminReportingManagerApprovalTest" classname="Tests.Feature.AdminReportingManagerApprovalTest" assertions="4" time="0.513267"/>
        <testcase name="test_admin_user_without_linked_employee_cannot_approve_reporting_step" file="C:\wamp64\www\order-portal\tests\Feature\AdminReportingManagerApprovalTest.php" line="122" class="Tests\Feature\AdminReportingManagerApprovalTest" classname="Tests.Feature.AdminReportingManagerApprovalTest" assertions="1" time="0.349948"/>
        <testcase name="test_manager_with_leave_approve_can_finalize_hr_step" file="C:\wamp64\www\order-portal\tests\Feature\AdminReportingManagerApprovalTest.php" line="139" class="Tests\Feature\AdminReportingManagerApprovalTest" classname="Tests.Feature.AdminReportingManagerApprovalTest" assertions="3" time="0.458378"/>
        <testcase name="test_leave_transactions_index_shows_my_team_pending_count" file="C:\wamp64\www\order-portal\tests\Feature\AdminReportingManagerApprovalTest.php" line="155" class="Tests\Feature\AdminReportingManagerApprovalTest" classname="Tests.Feature.AdminReportingManagerApprovalTest" assertions="2" time="0.429312"/>
      </testsuite>
      <testsuite name="Tests\Feature\AdmsSyncTest" file="C:\wamp64\www\order-portal\tests\Feature\AdmsSyncTest.php" tests="5" assertions="12" errors="0" failures="0" skipped="0" time="1.941145">
        <testcase name="test_hr_can_view_attendance_hub" file="C:\wamp64\www\order-portal\tests\Feature\AdmsSyncTest.php" line="65" class="Tests\Feature\AdmsSyncTest" classname="Tests.Feature.AdmsSyncTest" assertions="2" time="0.277181"/>
        <testcase name="test_adms_pull_sync_imports_punches" file="C:\wamp64\www\order-portal\tests\Feature\AdmsSyncTest.php" line="73" class="Tests\Feature\AdmsSyncTest" classname="Tests.Feature.AdmsSyncTest" assertions="5" time="0.554041"/>
        <testcase name="test_adms_push_endpoint_imports_punches" file="C:\wamp64\www\order-portal\tests\Feature\AdmsSyncTest.php" line="114" class="Tests\Feature\AdmsSyncTest" classname="Tests.Feature.AdmsSyncTest" assertions="3" time="0.459508"/>
        <testcase name="test_adms_push_rejects_invalid_token" file="C:\wamp64\www\order-portal\tests\Feature\AdmsSyncTest.php" line="139" class="Tests\Feature\AdmsSyncTest" classname="Tests.Feature.AdmsSyncTest" assertions="1" time="0.255684"/>
        <testcase name="test_duplicate_punches_are_skipped_on_resync" file="C:\wamp64\www\order-portal\tests\Feature\AdmsSyncTest.php" line="149" class="Tests\Feature\AdmsSyncTest" classname="Tests.Feature.AdmsSyncTest" assertions="1" time="0.394731"/>
      </testsuite>
      <testsuite name="Tests\Feature\AttendanceBonusTest" file="C:\wamp64\www\order-portal\tests\Feature\AttendanceBonusTest.php" tests="8" assertions="28" errors="0" failures="0" skipped="0" time="4.043115">
        <testcase name="test_attendance_bonus_paid_with_perfect_attendance" file="C:\wamp64\www\order-portal\tests\Feature\AttendanceBonusTest.php" line="122" class="Tests\Feature\AttendanceBonusTest" classname="Tests.Feature.AttendanceBonusTest" assertions="4" time="0.595841"/>
        <testcase name="test_attendance_bonus_denied_with_absent_day" file="C:\wamp64\www\order-portal\tests\Feature\AttendanceBonusTest.php" line="142" class="Tests\Feature\AttendanceBonusTest" classname="Tests.Feature.AttendanceBonusTest" assertions="4" time="0.594828"/>
        <testcase name="test_attendance_bonus_denied_with_three_or_more_late_days" file="C:\wamp64\www\order-portal\tests\Feature\AttendanceBonusTest.php" line="159" class="Tests\Feature\AttendanceBonusTest" classname="Tests.Feature.AttendanceBonusTest" assertions="3" time="0.451966"/>
        <testcase name="test_attendance_bonus_denied_for_probation_employee" file="C:\wamp64\www\order-portal\tests\Feature\AttendanceBonusTest.php" line="176" class="Tests\Feature\AttendanceBonusTest" classname="Tests.Feature.AttendanceBonusTest" assertions="2" time="0.396866"/>
        <testcase name="test_attendance_bonus_denied_for_trainee" file="C:\wamp64\www\order-portal\tests\Feature\AttendanceBonusTest.php" line="190" class="Tests\Feature\AttendanceBonusTest" classname="Tests.Feature.AttendanceBonusTest" assertions="2" time="0.514709"/>
        <testcase name="test_attendance_bonus_denied_with_leave_day" file="C:\wamp64\www\order-portal\tests\Feature\AttendanceBonusTest.php" line="206" class="Tests\Feature\AttendanceBonusTest" classname="Tests.Feature.AttendanceBonusTest" assertions="3" time="0.553830"/>
        <testcase name="test_calculator_unit_eligibility_rules" file="C:\wamp64\www\order-portal\tests\Feature\AttendanceBonusTest.php" line="222" class="Tests\Feature\AttendanceBonusTest" classname="Tests.Feature.AttendanceBonusTest" assertions="4" time="0.360602"/>
        <testcase name="test_payroll_item_reflects_employee_attendance_counts" file="C:\wamp64\www\order-portal\tests\Feature\AttendanceBonusTest.php" line="241" class="Tests\Feature\AttendanceBonusTest" classname="Tests.Feature.AttendanceBonusTest" assertions="6" time="0.574472"/>
      </testsuite>
      <testsuite name="Tests\Feature\AttendanceDailySummarySelfieTest" file="C:\wamp64\www\order-portal\tests\Feature\AttendanceDailySummarySelfieTest.php" tests="2" assertions="5" errors="0" failures="1" skipped="0" time="0.976585">
        <testcase name="test_daily_summary_shows_check_in_selfie_before_date" file="C:\wamp64\www\order-portal\tests\Feature\AttendanceDailySummarySelfieTest.php" line="55" class="Tests\Feature\AttendanceDailySummarySelfieTest" classname="Tests.Feature.AttendanceDailySummarySelfieTest" assertions="3" time="0.546271">
          <failure type="PHPUnit\Framework\ExpectationFailedException">Tests\Feature\AttendanceDailySummarySelfieTest::test_daily_summary_shows_check_in_selfie_before_date&#13;
Failed asserting that '&lt;!DOCTYPE html&gt;\n
&lt;html lang="en"&gt;\n
&lt;head&gt;\n
    &lt;meta charset="UTF-8"&gt;\n
    &lt;meta name="viewport" content="width=device-width, initial-scale=1.0, viewport-fit=cover"&gt;\n
    &lt;title&gt;Daily Attendance — Order Portal&lt;/title&gt;\n
    &lt;link rel="preload" as="font" href="http://[::1]:5173/__laravel_vite_plugin__/fonts/ea645afcabd594bc.woff2" type="font/woff2" crossorigin="anonymous" /&gt;\n
&lt;link rel="preload" as="font" href="http://[::1]:5173/__laravel_vite_plugin__/fonts/e13a0e67f60c0b65.woff2" type="font/woff2" crossorigin="anonymous" /&gt;\n
&lt;link rel="preload" as="font" href="http://[::1]:5173/__laravel_vite_plugin__/fonts/c2fdfafeb3cde952.woff2" type="font/woff2" crossorigin="anonymous" /&gt;\n
&lt;link rel="preload" as="font" href="http://[::1]:5173/__laravel_vite_plugin__/fonts/b420813ba1a549df.woff2" type="font/woff2" crossorigin="anonymous" /&gt;\n
&lt;link rel="preload" as="font" href="http://[::1]:5173/__laravel_vite_plugin__/fonts/87e72b6e2128e999.woff2" type="font/woff2" crossorigin="anonymous" /&gt;\n
&lt;link rel="preload" as="font" href="http://[::1]:5173/__laravel_vite_plugin__/fonts/7ddb053ec4a68eee.woff2" type="font/woff2" crossorigin="anonymous" /&gt;\n
&lt;link rel="preload" as="font" href="http://[::1]:5173/__laravel_vite_plugin__/fonts/c7d49c2bf40b7d8b.woff2" type="font/woff2" crossorigin="anonymous" /&gt;\n
&lt;link rel="preload" as="font" href="http://[::1]:5173/__laravel_vite_plugin__/fonts/a3ed3d952a9343ef.woff2" type="font/woff2" crossorigin="anonymous" /&gt;\n
&lt;link rel="preload" as="font" href="http://[::1]:5173/__laravel_vite_plugin__/fonts/022b32e3c1d12211.woff2" type="font/woff2" crossorigin="anonymous" /&gt;\n
&lt;link rel="preload" as="font" href="http://[::1]:5173/__laravel_vite_plugin__/fonts/d31ce265d33247ac.woff2" type="font/woff2" crossorigin="anonymous" /&gt;\n
&lt;link rel="preload" as="font" href="http://[::1]:5173/__laravel_vite_plugin__/fonts/387bf8f15f1cc815.woff2" type="font/woff2" crossorigin="anonymous" /&gt;\n
&lt;link rel="preload" as="font" href="http://[::1]:5173/__laravel_vite_plugin__/fonts/6e6f6bd40218ac76.woff2" type="font/woff2" crossorigin="anonymous" /&gt;\n
&lt;link rel="preload" as="font" href="http://[::1]:5173/__laravel_vite_plugin__/fonts/68e80849f2ec9a2a.woff2" type="font/woff2" crossorigin="anonymous" /&gt;\n
&lt;link rel="preload" as="font" href="http://[::1]:5173/__laravel_vite_plugin__/fonts/08cdf94a6aab99e8.woff2" type="font/woff2" crossorigin="anonymous" /&gt;\n
&lt;link rel="preload" as="font" href="http://[::1]:5173/__laravel_vite_plugin__/fonts/280c0847e0c6d1fc.woff2" type="font/woff2" crossorigin="anonymous" /&gt;\n
&lt;link rel="preload" as="font" href="http://[::1]:5173/__laravel_vite_plugin__/fonts/bc24ac7b669979f2.woff2" type="font/woff2" crossorigin="anonymous" /&gt;\n
&lt;link rel="preload" as="font" href="http://[::1]:5173/__laravel_vite_plugin__/fonts/22d0428fd89a46da.woff2" type="font/woff2" crossorigin="anonymous" /&gt;\n
&lt;link rel="preload" as="font" href="http://[::1]:5173/__laravel_vite_plugin__/fonts/5c9815f89dd56793.woff2" type="font/woff2" crossorigin="anonymous" /&gt;\n
&lt;style&gt;\n
@font-face {\n
  font-family: "Instrument Sans";\n
  font-style: normal;\n
  font-weight: 400;\n
  font-display: swap;\n
  src: url("http://[::1]:5173/__laravel_vite_plugin__/fonts/ea645afcabd594bc.woff2") format("woff2");\n
  unicode-range: U+0000-00FF,U+0131,U+0152-0153,U+02BB-02BC,U+02C6,U+02DA,U+02DC,U+0304,U+0308,U+0329,U+2000-206F,U+20AC,U+2122,U+2191,U+2193,U+2212,U+2215,U+FEFF,U+FFFD;\n
}\n
\n
@font-face {\n
  font-family: "Instrument Sans";\n
  font-style: normal;\n
  font-weight: 400;\n
  font-display: swap;\n
  src: url("http://[::1]:5173/__laravel_vite_plugin__/fonts/9067251ad15b12f7.woff") format("woff");\n
  unicode-range: U+0000-00FF,U+0131,U+0152-0153,U+02BB-02BC,U+02C6,U+02DA,U+02DC,U+0304,U+0308,U+0329,U+2000-206F,U+20AC,U+2122,U+2191,U+2193,U+2212,U+2215,U+FEFF,U+FFFD;\n
}\n
\n
@font-face {\n
  font-family: "Instrument Sans";\n
  font-style: normal;\n
  font-weight: 400;\n
  font-display: swap;\n
  src: url("http://[::1]:5173/__laravel_vite_plugin__/fonts/e13a0e67f60c0b65.woff2") format("woff2");\n
  unicode-range: U+0100-02BA,U+02BD-02C5,U+02C7-02CC,U+02CE-02D7,U+02DD-02FF,U+0304,U+0308,U+0329,U+1D00-1DBF,U+1E00-1E9F,U+1EF2-1EFF,U+2020,U+20A0-20AB,U+20AD-20C0,U+2113,U+2C60-2C7F,U+A720-A7FF;\n
}\n
\n
@font-face {\n
  font-family: "Instrument Sans";\n
  font-style: normal;\n
  font-weight: 400;\n
  font-display: swap;\n
  src: url("http://[::1]:5173/__laravel_vite_plugin__/fonts/edf45ece220fdbfd.woff") format("woff");\n
  unicode-range: U+0100-02BA,U+02BD-02C5,U+02C7-02CC,U+02CE-02D7,U+02DD-02FF,U+0304,U+0308,U+0329,U+1D00-1DBF,U+1E00-1E9F,U+1EF2-1EFF,U+2020,U+20A0-20AB,U+20AD-20C0,U+2113,U+2C60-2C7F,U+A720-A7FF;\n
}\n
\n
@font-face {\n
  font-family: "Instrument Sans";\n
  font-style: normal;\n
  font-weight: 500;\n
  font-display: swap;\n
  src: url("http://[::1]:5173/__laravel_vite_plugin__/fonts/c2fdfafeb3cde952.woff2") format("woff2");\n
  unicode-range: U+0000-00FF,U+0131,U+0152-0153,U+02BB-02BC,U+02C6,U+02DA,U+02DC,U+0304,U+0308,U+0329,U+2000-206F,U+20AC,U+2122,U+2191,U+2193,U+2212,U+2215,U+FEFF,U+FFFD;\n
}\n
\n
@font-face {\n
  font-family: "Instrument Sans";\n
  font-style: normal;\n
  font-weight: 500;\n
  font-display: swap;\n
  src: url("http://[::1]:5173/__laravel_vite_plugin__/fonts/1d7bb1e8acefa968.woff") format("woff");\n
  unicode-range: U+0000-00FF,U+0131,U+0152-0153,U+02BB-02BC,U+02C6,U+02DA,U+02DC,U+0304,U+0308,U+0329,U+2000-206F,U+20AC,U+2122,U+2191,U+2193,U+2212,U+2215,U+FEFF,U+FFFD;\n
}\n
\n
@font-face {\n
  font-family: "Instrument Sans";\n
  font-style: normal;\n
  font-weight: 500;\n
  font-display: swap;\n
  src: url("http://[::1]:5173/__laravel_vite_plugin__/fonts/b420813ba1a549df.woff2") format("woff2");\n
  unicode-range: U+0100-02BA,U+02BD-02C5,U+02C7-02CC,U+02CE-02D7,U+02DD-02FF,U+0304,U+0308,U+0329,U+1D00-1DBF,U+1E00-1E9F,U+1EF2-1EFF,U+2020,U+20A0-20AB,U+20AD-20C0,U+2113,U+2C60-2C7F,U+A720-A7FF;\n
}\n
\n
@font-face {\n
  font-family: "Instrument Sans";\n
  font-style: normal;\n
  font-weight: 500;\n
  font-display: swap;\n
  src: url("http://[::1]:5173/__laravel_vite_plugin__/fonts/f80b5cc6f94923d1.woff") format("woff");\n
  unicode-range: U+0100-02BA,U+02BD-02C5,U+02C7-02CC,U+02CE-02D7,U+02DD-02FF,U+0304,U+0308,U+0329,U+1D00-1DBF,U+1E00-1E9F,U+1EF2-1EFF,U+2020,U+20A0-20AB,U+20AD-20C0,U+2113,U+2C60-2C7F,U+A720-A7FF;\n
}\n
\n
@font-face {\n
  font-family: "Instrument Sans";\n
  font-style: normal;\n
  font-weight: 600;\n
  font-display: swap;\n
  src: url("http://[::1]:5173/__laravel_vite_plugin__/fonts/87e72b6e2128e999.woff2") format("woff2");\n
  unicode-range: U+0000-00FF,U+0131,U+0152-0153,U+02BB-02BC,U+02C6,U+02DA,U+02DC,U+0304,U+0308,U+0329,U+2000-206F,U+20AC,U+2122,U+2191,U+2193,U+2212,U+2215,U+FEFF,U+FFFD;\n
}\n
\n
@font-face {\n
  font-family: "Instrument Sans";\n
  font-style: normal;\n
  font-weight: 600;\n
  font-display: swap;\n
  src: url("http://[::1]:5173/__laravel_vite_plugin__/fonts/944dc0e624fb0d72.woff") format("woff");\n
  unicode-range: U+0000-00FF,U+0131,U+0152-0153,U+02BB-02BC,U+02C6,U+02DA,U+02DC,U+0304,U+0308,U+0329,U+2000-206F,U+20AC,U+2122,U+2191,U+2193,U+2212,U+2215,U+FEFF,U+FFFD;\n
}\n
\n
@font-face {\n
  font-family: "Instrument Sans";\n
  font-style: normal;\n
  font-weight: 600;\n
  font-display: swap;\n
  src: url("http://[::1]:5173/__laravel_vite_plugin__/fonts/7ddb053ec4a68eee.woff2") format("woff2");\n
  unicode-range: U+0100-02BA,U+02BD-02C5,U+02C7-02CC,U+02CE-02D7,U+02DD-02FF,U+0304,U+0308,U+0329,U+1D00-1DBF,U+1E00-1E9F,U+1EF2-1EFF,U+2020,U+20A0-20AB,U+20AD-20C0,U+2113,U+2C60-2C7F,U+A720-A7FF;\n
}\n
\n
@font-face {\n
  font-family: "Instrument Sans";\n
  font-style: normal;\n
  font-weight: 600;\n
  font-display: swap;\n
  src: url("http://[::1]:5173/__laravel_vite_plugin__/fonts/30417eebd2357154.woff") format("woff");\n
  unicode-range: U+0100-02BA,U+02BD-02C5,U+02C7-02CC,U+02CE-02D7,U+02DD-02FF,U+0304,U+0308,U+0329,U+1D00-1DBF,U+1E00-1E9F,U+1EF2-1EFF,U+2020,U+20A0-20AB,U+20AD-20C0,U+2113,U+2C60-2C7F,U+A720-A7FF;\n
}\n
\n
@font-face {\n
  font-family: "Anek Bangla";\n
  font-style: normal;\n
  font-weight: 400;\n
  font-display: swap;\n
  src: url("http://[::1]:5173/__laravel_vite_plugin__/fonts/c7d49c2bf40b7d8b.woff2") format("woff2");\n
  unicode-range: U+0000-00FF,U+0131,U+0152-0153,U+02BB-02BC,U+02C6,U+02DA,U+02DC,U+0304,U+0308,U+0329,U+2000-206F,U+20AC,U+2122,U+2191,U+2193,U+2212,U+2215,U+FEFF,U+FFFD;\n
}\n
\n
@font-face {\n
  font-family: "Anek Bangla";\n
  font-style: normal;\n
  font-weight: 400;\n
  font-display: swap;\n
  src: url("http://[::1]:5173/__laravel_vite_plugin__/fonts/26a89185855e8740.woff") format("woff");\n
  unicode-range: U+0000-00FF,U+0131,U+0152-0153,U+02BB-02BC,U+02C6,U+02DA,U+02DC,U+0304,U+0308,U+0329,U+2000-206F,U+20AC,U+2122,U+2191,U+2193,U+2212,U+2215,U+FEFF,U+FFFD;\n
}\n
\n
@font-face {\n
  font-family: "Anek Bangla";\n
  font-style: normal;\n
  font-weight: 400;\n
  font-display: swap;\n
  src: url("http://[::1]:5173/__laravel_vite_plugin__/fonts/a3ed3d952a9343ef.woff2") format("woff2");\n
  unicode-range: U+0951-0952,U+0964-0965,U+0980-09FE,U+1CD0,U+1CD2,U+1CD5-1CD6,U+1CD8,U+1CE1,U+1CEA,U+1CED,U+1CF2,U+1CF5-1CF7,U+200C-200D,U+20B9,U+25CC,U+A8F1;\n
}\n
\n
@font-face {\n
  font-family: "Anek Bangla";\n
  font-style: normal;\n
  font-weight: 400;\n
  font-display: swap;\n
  src: url("http://[::1]:5173/__laravel_vite_plugin__/fonts/ed4d632ca39cd189.woff") format("woff");\n
  unicode-range: U+0951-0952,U+0964-0965,U+0980-09FE,U+1CD0,U+1CD2,U+1CD5-1CD6,U+1CD8,U+1CE1,U+1CEA,U+1CED,U+1CF2,U+1CF5-1CF7,U+200C-200D,U+20B9,U+25CC,U+A8F1;\n
}\n
\n
@font-face {\n
  font-family: "Anek Bangla";\n
  font-style: normal;\n
  font-weight: 400;\n
  font-display: swap;\n
  src: url("http://[::1]:5173/__laravel_vite_plugin__/fonts/022b32e3c1d12211.woff2") format("woff2");\n
  unicode-range: U+0100-02BA,U+02BD-02C5,U+02C7-02CC,U+02CE-02D7,U+02DD-02FF,U+0304,U+0308,U+0329,U+1D00-1DBF,U+1E00-1E9F,U+1EF2-1EFF,U+2020,U+20A0-20AB,U+20AD-20C0,U+2113,U+2C60-2C7F,U+A720-A7FF;\n
}\n
\n
@font-face {\n
  font-family: "Anek Bangla";\n
  font-style: normal;\n
  font-weight: 400;\n
  font-display: swap;\n
  src: url("http://[::1]:5173/__laravel_vite_plugin__/fonts/1c0b85db0ef4391f.woff") format("woff");\n
  unicode-range: U+0100-02BA,U+02BD-02C5,U+02C7-02CC,U+02CE-02D7,U+02DD-02FF,U+0304,U+0308,U+0329,U+1D00-1DBF,U+1E00-1E9F,U+1EF2-1EFF,U+2020,U+20A0-20AB,U+20AD-20C0,U+2113,U+2C60-2C7F,U+A720-A7FF;\n
}\n
\n
@font-face {\n
  font-family: "Anek Bangla";\n
  font-style: normal;\n
  font-weight: 500;\n
  font-display: swap;\n
  src: url("http://[::1]:5173/__laravel_vite_plugin__/fonts/d31ce265d33247ac.woff2") format("woff2");\n
  unicode-range: U+0000-00FF,U+0131,U+0152-0153,U+02BB-02BC,U+02C6,U+02DA,U+02DC,U+0304,U+0308,U+0329,U+2000-206F,U+20AC,U+2122,U+2191,U+2193,U+2212,U+2215,U+FEFF,U+FFFD;\n
}\n
\n
@font-face {\n
  font-family: "Anek Bangla";\n
  font-style: normal;\n
  font-weight: 500;\n
  font-display: swap;\n
  src: url("http://[::1]:5173/__laravel_vite_plugin__/fonts/ca9fe83179c38ba8.woff") format("woff");\n
  unicode-range: U+0000-00FF,U+0131,U+0152-0153,U+02BB-02BC,U+02C6,U+02DA,U+02DC,U+0304,U+0308,U+0329,U+2000-206F,U+20AC,U+2122,U+2191,U+2193,U+2212,U+2215,U+FEFF,U+FFFD;\n
}\n
\n
@font-face {\n
  font-family: "Anek Bangla";\n
  font-style: normal;\n
  font-weight: 500;\n
  font-display: swap;\n
  src: url("http://[::1]:5173/__laravel_vite_plugin__/fonts/387bf8f15f1cc815.woff2") format("woff2");\n
  unicode-range: U+0951-0952,U+0964-0965,U+0980-09FE,U+1CD0,U+1CD2,U+1CD5-1CD6,U+1CD8,U+1CE1,U+1CEA,U+1CED,U+1CF2,U+1CF5-1CF7,U+200C-200D,U+20B9,U+25CC,U+A8F1;\n
}\n
\n
@font-face {\n
  font-family: "Anek Bangla";\n
  font-style: normal;\n
  font-weight: 500;\n
  font-display: swap;\n
  src: url("http://[::1]:5173/__laravel_vite_plugin__/fonts/4266324a7180782d.woff") format("woff");\n
  unicode-range: U+0951-0952,U+0964-0965,U+0980-09FE,U+1CD0,U+1CD2,U+1CD5-1CD6,U+1CD8,U+1CE1,U+1CEA,U+1CED,U+1CF2,U+1CF5-1CF7,U+200C-200D,U+20B9,U+25CC,U+A8F1;\n
}\n
\n
@font-face {\n
  font-family: "Anek Bangla";\n
  font-style: normal;\n
  font-weight: 500;\n
  font-display: swap;\n
  src: url("http://[::1]:5173/__laravel_vite_plugin__/fonts/6e6f6bd40218ac76.woff2") format("woff2");\n
  unicode-range: U+0100-02BA,U+02BD-02C5,U+02C7-02CC,U+02CE-02D7,U+02DD-02FF,U+0304,U+0308,U+0329,U+1D00-1DBF,U+1E00-1E9F,U+1EF2-1EFF,U+2020,U+20A0-20AB,U+20AD-20C0,U+2113,U+2C60-2C7F,U+A720-A7FF;\n
}\n
\n
@font-face {\n
  font-family: "Anek Bangla";\n
  font-style: normal;\n
  font-weight: 500;\n
  font-display: swap;\n
  src: url("http://[::1]:5173/__laravel_vite_plugin__/fonts/b57df96a4a044a38.woff") format("woff");\n
  unicode-range: U+0100-02BA,U+02BD-02C5,U+02C7-02CC,U+02CE-02D7,U+02DD-02FF,U+0304,U+0308,U+0329,U+1D00-1DBF,U+1E00-1E9F,U+1EF2-1EFF,U+2020,U+20A0-20AB,U+20AD-20C0,U+2113,U+2C60-2C7F,U+A720-A7FF;\n
}\n
\n
@font-face {\n
  font-family: "Anek Bangla";\n
  font-style: normal;\n
  font-weight: 600;\n
  font-display: swap;\n
  src: url("http://[::1]:5173/__laravel_vite_plugin__/fonts/68e80849f2ec9a2a.woff2") format("woff2");\n
  unicode-range: U+0000-00FF,U+0131,U+0152-0153,U+02BB-02BC,U+02C6,U+02DA,U+02DC,U+0304,U+0308,U+0329,U+2000-206F,U+20AC,U+2122,U+2191,U+2193,U+2212,U+2215,U+FEFF,U+FFFD;\n
}\n
\n
@font-face {\n
  font-family: "Anek Bangla";\n
  font-style: normal;\n
  font-weight: 600;\n
  font-display: swap;\n
  src: url("http://[::1]:5173/__laravel_vite_plugin__/fonts/f98292233abf45f0.woff") format("woff");\n
  unicode-range: U+0000-00FF,U+0131,U+0152-0153,U+02BB-02BC,U+02C6,U+02DA,U+02DC,U+0304,U+0308,U+0329,U+2000-206F,U+20AC,U+2122,U+2191,U+2193,U+2212,U+2215,U+FEFF,U+FFFD;\n
}\n
\n
@font-face {\n
  font-family: "Anek Bangla";\n
  font-style: normal;\n
  font-weight: 600;\n
  font-display: swap;\n
  src: url("http://[::1]:5173/__laravel_vite_plugin__/fonts/08cdf94a6aab99e8.woff2") format("woff2");\n
  unicode-range: U+0951-0952,U+0964-0965,U+0980-09FE,U+1CD0,U+1CD2,U+1CD5-1CD6,U+1CD8,U+1CE1,U+1CEA,U+1CED,U+1CF2,U+1CF5-1CF7,U+200C-200D,U+20B9,U+25CC,U+A8F1;\n
}\n
\n
@font-face {\n
  font-family: "Anek Bangla";\n
  font-style: normal;\n
  font-weight: 600;\n
  font-display: swap;\n
  src: url("http://[::1]:5173/__laravel_vite_plugin__/fonts/dd8eb8e4ec387127.woff") format("woff");\n
  unicode-range: U+0951-0952,U+0964-0965,U+0980-09FE,U+1CD0,U+1CD2,U+1CD5-1CD6,U+1CD8,U+1CE1,U+1CEA,U+1CED,U+1CF2,U+1CF5-1CF7,U+200C-200D,U+20B9,U+25CC,U+A8F1;\n
}\n
\n
@font-face {\n
  font-family: "Anek Bangla";\n
  font-style: normal;\n
  font-weight: 600;\n
  font-display: swap;\n
  src: url("http://[::1]:5173/__laravel_vite_plugin__/fonts/280c0847e0c6d1fc.woff2") format("woff2");\n
  unicode-range: U+0100-02BA,U+02BD-02C5,U+02C7-02CC,U+02CE-02D7,U+02DD-02FF,U+0304,U+0308,U+0329,U+1D00-1DBF,U+1E00-1E9F,U+1EF2-1EFF,U+2020,U+20A0-20AB,U+20AD-20C0,U+2113,U+2C60-2C7F,U+A720-A7FF;\n
}\n
\n
@font-face {\n
  font-family: "Anek Bangla";\n
  font-style: normal;\n
  font-weight: 600;\n
  font-display: swap;\n
  src: url("http://[::1]:5173/__laravel_vite_plugin__/fonts/37b1603bdd05f24d.woff") format("woff");\n
  unicode-range: U+0100-02BA,U+02BD-02C5,U+02C7-02CC,U+02CE-02D7,U+02DD-02FF,U+0304,U+0308,U+0329,U+1D00-1DBF,U+1E00-1E9F,U+1EF2-1EFF,U+2020,U+20A0-20AB,U+20AD-20C0,U+2113,U+2C60-2C7F,U+A720-A7FF;\n
}\n
\n
@font-face {\n
  font-family: "Anek Bangla";\n
  font-style: normal;\n
  font-weight: 700;\n
  font-display: swap;\n
  src: url("http://[::1]:5173/__laravel_vite_plugin__/fonts/bc24ac7b669979f2.woff2") format("woff2");\n
  unicode-range: U+0000-00FF,U+0131,U+0152-0153,U+02BB-02BC,U+02C6,U+02DA,U+02DC,U+0304,U+0308,U+0329,U+2000-206F,U+20AC,U+2122,U+2191,U+2193,U+2212,U+2215,U+FEFF,U+FFFD;\n
}\n
\n
@font-face {\n
  font-family: "Anek Bangla";\n
  font-style: normal;\n
  font-weight: 700;\n
  font-display: swap;\n
  src: url("http://[::1]:5173/__laravel_vite_plugin__/fonts/59ee115c64988b15.woff") format("woff");\n
  unicode-range: U+0000-00FF,U+0131,U+0152-0153,U+02BB-02BC,U+02C6,U+02DA,U+02DC,U+0304,U+0308,U+0329,U+2000-206F,U+20AC,U+2122,U+2191,U+2193,U+2212,U+2215,U+FEFF,U+FFFD;\n
}\n
\n
@font-face {\n
  font-family: "Anek Bangla";\n
  font-style: normal;\n
  font-weight: 700;\n
  font-display: swap;\n
  src: url("http://[::1]:5173/__laravel_vite_plugin__/fonts/22d0428fd89a46da.woff2") format("woff2");\n
  unicode-range: U+0951-0952,U+0964-0965,U+0980-09FE,U+1CD0,U+1CD2,U+1CD5-1CD6,U+1CD8,U+1CE1,U+1CEA,U+1CED,U+1CF2,U+1CF5-1CF7,U+200C-200D,U+20B9,U+25CC,U+A8F1;\n
}\n
\n
@font-face {\n
  font-family: "Anek Bangla";\n
  font-style: normal;\n
  font-weight: 700;\n
  font-display: swap;\n
  src: url("http://[::1]:5173/__laravel_vite_plugin__/fonts/b4ae15783a774b6a.woff") format("woff");\n
  unicode-range: U+0951-0952,U+0964-0965,U+0980-09FE,U+1CD0,U+1CD2,U+1CD5-1CD6,U+1CD8,U+1CE1,U+1CEA,U+1CED,U+1CF2,U+1CF5-1CF7,U+200C-200D,U+20B9,U+25CC,U+A8F1;\n
}\n
\n
@font-face {\n
  font-family: "Anek Bangla";\n
  font-style: normal;\n
  font-weight: 700;\n
  font-display: swap;\n
  src: url("http://[::1]:5173/__laravel_vite_plugin__/fonts/5c9815f89dd56793.woff2") format("woff2");\n
  unicode-range: U+0100-02BA,U+02BD-02C5,U+02C7-02CC,U+02CE-02D7,U+02DD-02FF,U+0304,U+0308,U+0329,U+1D00-1DBF,U+1E00-1E9F,U+1EF2-1EFF,U+2020,U+20A0-20AB,U+20AD-20C0,U+2113,U+2C60-2C7F,U+A720-A7FF;\n
}\n
\n
@font-face {\n
  font-family: "Anek Bangla";\n
  font-style: normal;\n
  font-weight: 700;\n
  font-display: swap;\n
  src: url("http://[::1]:5173/__laravel_vite_plugin__/fonts/c6c7091ab61dd0a3.woff") format("woff");\n
  unicode-range: U+0100-02BA,U+02BD-02C5,U+02C7-02CC,U+02CE-02D7,U+02DD-02FF,U+0304,U+0308,U+0329,U+1D00-1DBF,U+1E00-1E9F,U+1EF2-1EFF,U+2020,U+20A0-20AB,U+20AD-20C0,U+2113,U+2C60-2C7F,U+A720-A7FF;\n
}\n
\n
:root {\n
  --font-instrument-sans: "Instrument Sans", "Instrument Sans fallback";\n
  --font-anek-bangla: "Anek Bangla", "Anek Bangla fallback";\n
}\n
\n
.font-instrument-sans {\n
  font-family: var(--font-instrument-sans);\n
}\n
\n
.font-anek-bangla {\n
  font-family: var(--font-anek-bangla);\n
}\n
&lt;/style&gt;    &lt;script type="module" src="http://[::1]:5173/@vite/client"&gt;&lt;/script&gt;&lt;link rel="stylesheet" href="http://[::1]:5173/resources/css/app.css" /&gt;&lt;script type="module" src="http://[::1]:5173/resources/js/app.js"&gt;&lt;/script&gt;        &lt;/head&gt;\n
&lt;body class="bg-erp-bg text-gray-900 font-sans antialiased min-h-screen"\n
      :class="{ 'sidebar-open': sidebarOpen }"\n
      x-data='erpShell({"Organization":false,"Commercial":false,"Product":false,"Material_and_Fabric":false,"Order_and_Shipment":false,"Production_and_Status":false,"Finance":false,"Supplier":false,"Sample":false,"hrm_Organization":false,"hrm_Work_Schedule":false,"hrm_Employee_Setup":false,"hrm_Biometric":false,"attendance_grp_Device_and_Biometric":false,"attendance_grp_Daily_Records":true,"attendance_grp_Scheduling":false,"attendance_grp_Rules_and_Policy":false,"attendance_grp_HR_Adjustments":false,"attendance_grp_Mobile_Check-in":false,"leave_grp_Setup_and_Policy":false,"leave_grp_Balances_and_Ledger":false,"leave_grp_Processing":false,"salary_grp_Overview":false,"salary_grp_Salary_Structure":false,"salary_grp_Payroll_Run":false,"salary_grp_Increments":false,"compliance_grp_Registers_and_Reports":false,"compliance_grp_Benefits":false,"finance_grp_Statutory_Deductions":false,"finance_grp_Exit_and_Settlement":false,"rmg_grp_Overview":false,"rmg_grp_Movement_and_Gate":false,"rmg_grp_Planning_and_Compliance":false,"rmg_grp_Welfare_and_Training":false,"rmg_grp_Payroll_RMG":false,"tms_grp_Operations":false,"tms_grp_Vehicle_Management":false,"tms_grp_Setup":false,"master_data":false,"attendance":true,"leave":false,"salary":false,"compliance":false,"finance":false,"rmg":false,"employee":false,"recruitment":false,"performance":false,"tms":false,"dashboards":false}, false)'&gt;\n
\n
    \n
    &lt;div x-show="sidebarOpen" x-transition.opacity\n
         @click="sidebarOpen = false"\n
         class="fixed inset-0 z-40 bg-black/50 lg:hidden" x-cloak&gt;&lt;/div&gt;\n
\n
    &lt;div class="flex min-h-screen"&gt;\n
\n
        &lt;aside class="erp-sidebar fixed inset-y-0 left-0 z-50 w-64 flex flex-col transform transition-transform duration-200 lg:translate-x-0"\n
       :class="sidebarOpen ? 'translate-x-0' : '-translate-x-full lg:translate-x-0'"&gt;\n
\n
    \n
    &lt;div class="erp-sidebar-brand h-14 flex items-center gap-3 px-4 shrink-0"&gt;\n
                    &lt;div class="w-8 h-8 bg-gold rounded-sm flex items-center justify-center shrink-0 shadow-sm"&gt;\n
                &lt;svg class="w-4 h-4 text-white" fill="none" stroke="currentColor" stroke-width="2" viewBox="0 0 24 24"&gt;\n
                    &lt;path d="M4 7h16M4 12h16M4 17h10" stroke-linecap="round"/&gt;\n
                &lt;/svg&gt;\n
            &lt;/div&gt;\n
                &lt;div class="min-w-0 flex-1"&gt;\n
            &lt;p class="text-sm font-bold truncate leading-tight"&gt;Norbangroup&lt;/p&gt;\n
            &lt;p class="text-[10px] text-white/50 uppercase tracking-widest"&gt;Manufacturer&lt;/p&gt;\n
        &lt;/div&gt;\n
    &lt;/div&gt;\n
\n
    \n
    &lt;nav id="erp-sidebar-nav" class="flex-1 overflow-y-auto erp-sidebar-scroll py-2 px-2"\n
         @click="if (window.matchMedia('(max-width: 1023px)').matches &amp;&amp; $event.target.closest('a')) sidebarOpen = false"&gt;\n
\n
        &lt;div class="erp-nav-search"&gt;\n
            &lt;label for="erp-nav-search-input" class="sr-only"&gt;Search menu&lt;/label&gt;\n
            &lt;div class="erp-nav-search-field"&gt;\n
                &lt;svg class="erp-nav-search-icon" fill="none" stroke="currentColor" stroke-width="2" viewBox="0 0 24 24" aria-hidden="true"&gt;\n
                    &lt;path d="M21 21l-4.35-4.35M11 18a7 7 0 100-14 7 7 0 000 14z" stroke-linecap="round" stroke-linejoin="round"/&gt;\n
                &lt;/svg&gt;\n
                &lt;input id="erp-nav-search-input"\n
                       type="text"\n
                       x-model="navSearch"\n
                       @input="filterSidebarNav()"\n
                       @keydown.escape="clearNavSearch()"\n
                       placeholder="Search menu…"\n
                       class="erp-nav-search-input"\n
                       autocomplete="off"\n
                       spellcheck="false"&gt;\n
                &lt;button type="button"\n
                        x-show="navSearch.length"\n
                        x-cloak\n
                        @click="clearNavSearch()"\n
                        class="erp-nav-search-clear"\n
                        aria-label="Clear search"&gt;\n
                    &lt;svg class="h-3.5 w-3.5" fill="none" stroke="currentColor" stroke-width="2" viewBox="0 0 24 24"&gt;\n
                        &lt;path d="M6 18L18 6M6 6l12 12" stroke-linecap="round" stroke-linejoin="round"/&gt;\n
                    &lt;/svg&gt;\n
                &lt;/button&gt;\n
            &lt;/div&gt;\n
            &lt;p x-show="navSearchEmpty" x-cloak class="erp-nav-search-empty"&gt;No menu found.&lt;/p&gt;\n
        &lt;/div&gt;\n
\n
        &lt;p class="erp-nav-section" data-nav-section&gt;Operations&lt;/p&gt;\n
\n
        \n
        &lt;p class="erp-nav-section" data-nav-section&gt;Dashboard&lt;/p&gt;\n
\n
    &lt;div data-nav-branch&gt;\n
        &lt;button type="button"\n
                @click="openGroups['dashboards'] = !openGroups['dashboards']"\n
                data-nav-label="Dashboard All Dashboards"\n
                class="erp-nav-group erp-nav-group-active w-full"&gt;\n
            &lt;span class="erp-nav-group-icon bg-brand/10 text-brand"&gt;\n
                &lt;svg class="w-3.5 h-3.5" fill="none" stroke="currentColor" stroke-width="1.75" viewBox="0 0 24 24"&gt;\n
                    &lt;path d="M4 6a2 2 0 012-2h2a2 2 0 012 2v2a2 2 0 01-2 2H6a2 2 0 01-2-2V6zM14 6a2 2 0 012-2h2a2 2 0 012 2v2a2 2 0 01-2 2h-2a2 2 0 01-2-2V6zM4 16a2 2 0 012-2h2a2 2 0 012 2v2a2 2 0 01-2 2H6a2 2 0 01-2-2v-2zM14 16a2 2 0 012-2h2a2 2 0 012 2v2a2 2 0 01-2 2h-2a2 2 0 01-2-2v-2z" stroke-linecap="round" stroke-linejoin="round"/&gt;\n
                &lt;/svg&gt;\n
            &lt;/span&gt;\n
            &lt;span class="flex-1 text-left font-medium"&gt;All Dashboards&lt;/span&gt;\n
            &lt;span class="text-[10px] tabular-nums text-gray-400 mr-1"&gt;2&lt;/span&gt;\n
            &lt;svg class="w-3.5 h-3.5 text-gray-400 transition-transform shrink-0"\n
                 :class="openGroups['dashboards'] &amp;&amp; 'rotate-180'"\n
                 fill="none" stroke="currentColor" stroke-width="2" viewBox="0 0 24 24"&gt;\n
                &lt;path d="M6 9l6 6 6-6" stroke-linecap="round" stroke-linejoin="round"/&gt;\n
            &lt;/svg&gt;\n
        &lt;/button&gt;\n
\n
        &lt;div x-show="openGroups['dashboards']" x-cloak class="erp-nav-sub" data-nav-open-key="dashboards"&gt;\n
                                            &lt;a href="http://localhost:8000/admin/hrm"\n
                   data-nav-label="Dashboard HRM"\n
                   class="erp-nav-sub-link "&gt;\n
                    HRM\n
                &lt;/a&gt;\n
                                            &lt;a href="http://localhost:8000/admin/hrm/attendance/dashboard"\n
                   data-nav-label="Dashboard HRM Attendance"\n
                   class="erp-nav-sub-link erp-nav-sub-link-active"&gt;\n
                    Attendance\n
                &lt;/a&gt;\n
                    &lt;/div&gt;\n
    &lt;/div&gt;\n
\n
                    &lt;p class="erp-nav-section" data-nav-section&gt;HRM&lt;/p&gt;\n
\n
            \n
            \n
            &lt;div data-nav-branch&gt;\n
        &lt;button type="button"\n
                @click="openGroups['attendance'] = !openGroups['attendance']"\n
                data-nav-label="HRM Attendance"\n
                class="erp-nav-group erp-nav-group-active w-full"&gt;\n
            &lt;span class="erp-nav-group-icon erp-nav-group-icon-hrm"&gt;\n
                &lt;svg class="w-3.5 h-3.5" fill="none" stroke="currentColor" stroke-width="1.75" viewBox="0 0 24 24"&gt;\n
                    &lt;path d="M12 8v4l3 3m6-3a9 9 0 11-18 0 9 9 0 0118 0z" stroke-linecap="round" stroke-linejoin="round"/&gt;\n
                &lt;/svg&gt;\n
            &lt;/span&gt;\n
            &lt;span class="flex-1 text-left font-medium"&gt;Attendance&lt;/span&gt;\n
            &lt;svg class="w-3.5 h-3.5 text-gray-400 transition-transform shrink-0"\n
                 :class="openGroups['attendance'] &amp;&amp; 'rotate-180'"\n
                 fill="none" stroke="currentColor" stroke-width="2" viewBox="0 0 24 24"&gt;\n
                &lt;path d="M6 9l6 6 6-6" stroke-linecap="round" stroke-linejoin="round"/&gt;\n
            &lt;/svg&gt;\n
        &lt;/button&gt;\n
\n
        &lt;div x-show="openGroups['attendance']" x-cloak class="erp-nav-sub" data-nav-open-key="attendance"&gt;\n
            &lt;a href="http://localhost:8000/admin/hrm/attendance"\n
               data-nav-label="HRM Attendance Hub"\n
               class="erp-nav-sub-link "&gt;\n
                Hub\n
            &lt;/a&gt;\n
\n
                                                                                        &lt;div data-nav-branch&gt;\n
                    &lt;button type="button"\n
                            @click="openGroups['attendance_grp_Device_and_Biometric'] = !openGroups['attendance_grp_Device_and_Biometric']"\n
                            data-nav-label="HRM Attendance Device &amp;amp; Biometric"\n
                            class="erp-nav-sub-group "&gt;\n
                        &lt;span class="flex-1 text-left"&gt;Device &amp;amp; Biometric&lt;/span&gt;\n
                        &lt;span class="text-[10px] tabular-nums text-gray-400 mr-1"&gt;2&lt;/span&gt;\n
                        &lt;svg class="w-3 h-3 text-gray-400 transition-transform shrink-0"\n
                             :class="openGroups['attendance_grp_Device_and_Biometric'] &amp;&amp; 'rotate-180'"\n
                             fill="none" stroke="currentColor" stroke-width="2" viewBox="0 0 24 24"&gt;\n
                            &lt;path d="M6 9l6 6 6-6" stroke-linecap="round" stroke-linejoin="round"/&gt;\n
                        &lt;/svg&gt;\n
                    &lt;/button&gt;\n
                    &lt;div x-show="openGroups['attendance_grp_Device_and_Biometric']" x-cloak class="erp-nav-sub-nested" data-nav-open-key="attendance_grp_Device_and_Biometric"&gt;\n
                                                                                &lt;a href="http://localhost:8000/admin/hrm/attendance/sync"\n
                               data-nav-label="HRM Attendance Device &amp;amp; Biometric Device Sync"\n
                               class="erp-nav-sub-link "&gt;\n
                                Device Sync\n
                            &lt;/a&gt;\n
                                                                                &lt;a href="http://localhost:8000/admin/hrm/attendance/punches"\n
                               data-nav-label="HRM Attendance Device &amp;amp; Biometric Punch Logs"\n
                               class="erp-nav-sub-link "&gt;\n
                                Punch Logs\n
                            &lt;/a&gt;\n
                                            &lt;/div&gt;\n
                    &lt;/div&gt;\n
                                                                            &lt;div data-nav-branch&gt;\n
                    &lt;button type="button"\n
                            @click="openGroups['attendance_grp_Daily_Records'] = !openGroups['attendance_grp_Daily_Records']"\n
                            data-nav-label="HRM Attendance Daily Records"\n
                            class="erp-nav-sub-group erp-nav-sub-group-active"&gt;\n
                        &lt;span class="flex-1 text-left"&gt;Daily Records&lt;/span&gt;\n
                        &lt;span class="text-[10px] tabular-nums text-gray-400 mr-1"&gt;3&lt;/span&gt;\n
                        &lt;svg class="w-3 h-3 text-gray-400 transition-transform shrink-0"\n
                             :class="openGroups['attendance_grp_Daily_Records'] &amp;&amp; 'rotate-180'"\n
                             fill="none" stroke="currentColor" stroke-width="2" viewBox="0 0 24 24"&gt;\n
                            &lt;path d="M6 9l6 6 6-6" stroke-linecap="round" stroke-linejoin="round"/&gt;\n
                        &lt;/svg&gt;\n
                    &lt;/button&gt;\n
                    &lt;div x-show="openGroups['attendance_grp_Daily_Records']" x-cloak class="erp-nav-sub-nested" data-nav-open-key="attendance_grp_Daily_Records"&gt;\n
                                                                                &lt;a href="http://localhost:8000/admin/hrm/attendance/daily"\n
                               data-nav-label="HRM Attendance Daily Records Daily Summary"\n
                               class="erp-nav-sub-link erp-nav-sub-link-active"&gt;\n
                                Daily Summary\n
                            &lt;/a&gt;\n
                                                                                &lt;a href="http://localhost:8000/admin/hrm/attendance/periods"\n
                               data-nav-label="HRM Attendance Daily Records Periods"\n
                               class="erp-nav-sub-link "&gt;\n
                                Periods\n
                            &lt;/a&gt;\n
                                                                                &lt;a href="http://localhost:8000/admin/hrm/attendance/reports"\n
                               data-nav-label="HRM Attendance Daily Records Reports"\n
                               class="erp-nav-sub-link "&gt;\n
                                Reports\n
                            &lt;/a&gt;\n
                                            &lt;/div&gt;\n
                    &lt;/div&gt;\n
                                                                            &lt;div data-nav-branch&gt;\n
                    &lt;button type="button"\n
                            @click="openGroups['attendance_grp_Scheduling'] = !openGroups['attendance_grp_Scheduling']"\n
                            data-nav-label="HRM Attendance Scheduling"\n
                            class="erp-nav-sub-group "&gt;\n
                        &lt;span class="flex-1 text-left"&gt;Scheduling&lt;/span&gt;\n
                        &lt;span class="text-[10px] tabular-nums text-gray-400 mr-1"&gt;1&lt;/span&gt;\n
                        &lt;svg class="w-3 h-3 text-gray-400 transition-transform shrink-0"\n
                             :class="openGroups['attendance_grp_Scheduling'] &amp;&amp; 'rotate-180'"\n
                             fill="none" stroke="currentColor" stroke-width="2" viewBox="0 0 24 24"&gt;\n
                            &lt;path d="M6 9l6 6 6-6" stroke-linecap="round" stroke-linejoin="round"/&gt;\n
                        &lt;/svg&gt;\n
                    &lt;/button&gt;\n
                    &lt;div x-show="openGroups['attendance_grp_Scheduling']" x-cloak class="erp-nav-sub-nested" data-nav-open-key="attendance_grp_Scheduling"&gt;\n
                                                                                &lt;a href="http://localhost:8000/admin/hrm/attendance/roster"\n
                               data-nav-label="HRM Attendance Scheduling Shift Roster"\n
                               class="erp-nav-sub-link "&gt;\n
                                Shift Roster\n
                            &lt;/a&gt;\n
                                            &lt;/div&gt;\n
                    &lt;/div&gt;\n
                                                                            &lt;div data-nav-branch&gt;\n
                    &lt;button type="button"\n
                            @click="openGroups['attendance_grp_Rules_and_Policy'] = !openGroups['attendance_grp_Rules_and_Policy']"\n
                            data-nav-label="HRM Attendance Rules &amp;amp; Policy"\n
                            class="erp-nav-sub-group "&gt;\n
                        &lt;span class="flex-1 text-left"&gt;Rules &amp;amp; Policy&lt;/span&gt;\n
                        &lt;span class="text-[10px] tabular-nums text-gray-400 mr-1"&gt;2&lt;/span&gt;\n
                        &lt;svg class="w-3 h-3 text-gray-400 transition-transform shrink-0"\n
                             :class="openGroups['attendance_grp_Rules_and_Policy'] &amp;&amp; 'rotate-180'"\n
                             fill="none" stroke="currentColor" stroke-width="2" viewBox="0 0 24 24"&gt;\n
                            &lt;path d="M6 9l6 6 6-6" stroke-linecap="round" stroke-linejoin="round"/&gt;\n
                        &lt;/svg&gt;\n
                    &lt;/button&gt;\n
                    &lt;div x-show="openGroups['attendance_grp_Rules_and_Policy']" x-cloak class="erp-nav-sub-nested" data-nav-open-key="attendance_grp_Rules_and_Policy"&gt;\n
                                                                                &lt;a href="http://localhost:8000/admin/hrm/attendance/policy"\n
                               data-nav-label="HRM Attendance Rules &amp;amp; Policy Policy"\n
                               class="erp-nav-sub-link "&gt;\n
                                Policy\n
                            &lt;/a&gt;\n
                                                                                &lt;a href="http://localhost:8000/admin/hrm/attendance/late-acceptance"\n
                               data-nav-label="HRM Attendance Rules &amp;amp; Policy Late Acceptance"\n
                               class="erp-nav-sub-link "&gt;\n
                                Late Acceptance\n
                            &lt;/a&gt;\n
                                            &lt;/div&gt;\n
                    &lt;/div&gt;\n
                                                                            &lt;div data-nav-branch&gt;\n
                    &lt;button type="button"\n
                            @click="openGroups['attendance_grp_HR_Adjustments'] = !openGroups['attendance_grp_HR_Adjustments']"\n
                            data-nav-label="HRM Attendance HR Adjustments"\n
                            class="erp-nav-sub-group "&gt;\n
                        &lt;span class="flex-1 text-left"&gt;HR Adjustments&lt;/span&gt;\n
                        &lt;span class="text-[10px] tabular-nums text-gray-400 mr-1"&gt;2&lt;/span&gt;\n
                        &lt;svg class="w-3 h-3 text-gray-400 transition-transform shrink-0"\n
                             :class="openGroups['attendance_grp_HR_Adjustments'] &amp;&amp; 'rotate-180'"\n
                             fill="none" stroke="currentColor" stroke-width="2" viewBox="0 0 24 24"&gt;\n
                            &lt;path d="M6 9l6 6 6-6" stroke-linecap="round" stroke-linejoin="round"/&gt;\n
                        &lt;/svg&gt;\n
                    &lt;/button&gt;\n
                    &lt;div x-show="openGroups['attendance_grp_HR_Adjustments']" x-cloak class="erp-nav-sub-nested" data-nav-open-key="attendance_grp_HR_Adjustments"&gt;\n
                                                                                &lt;a href="http://localhost:8000/admin/hrm/attendance/half-day-entry"\n
                               data-nav-label="HRM Attendance HR Adjustments Half Day Entry"\n
                               class="erp-nav-sub-link "&gt;\n
                                Half Day Entry\n
                            &lt;/a&gt;\n
                                                                                &lt;a href="http://localhost:8000/admin/hrm/attendance/manual-punch"\n
                               data-nav-label="HRM Attendance HR Adjustments Manual Punch"\n
                               class="erp-nav-sub-link "&gt;\n
                                Manual Punch\n
                            &lt;/a&gt;\n
                                            &lt;/div&gt;\n
                    &lt;/div&gt;\n
                                                                            &lt;div data-nav-branch&gt;\n
                    &lt;button type="button"\n
                            @click="openGroups['attendance_grp_Mobile_Check-in'] = !openGroups['attendance_grp_Mobile_Check-in']"\n
                            data-nav-label="HRM Attendance Mobile Check-in"\n
                            class="erp-nav-sub-group "&gt;\n
                        &lt;span class="flex-1 text-left"&gt;Mobile Check-in&lt;/span&gt;\n
                        &lt;span class="text-[10px] tabular-nums text-gray-400 mr-1"&gt;1&lt;/span&gt;\n
                        &lt;svg class="w-3 h-3 text-gray-400 transition-transform shrink-0"\n
                             :class="openGroups['attendance_grp_Mobile_Check-in'] &amp;&amp; 'rotate-180'"\n
                             fill="none" stroke="currentColor" stroke-width="2" viewBox="0 0 24 24"&gt;\n
                            &lt;path d="M6 9l6 6 6-6" stroke-linecap="round" stroke-linejoin="round"/&gt;\n
                        &lt;/svg&gt;\n
                    &lt;/button&gt;\n
                    &lt;div x-show="openGroups['attendance_grp_Mobile_Check-in']" x-cloak class="erp-nav-sub-nested" data-nav-open-key="attendance_grp_Mobile_Check-in"&gt;\n
                                                                                &lt;a href="http://localhost:8000/admin/hrm/attendance/gate-points"\n
                               data-nav-label="HRM Attendance Mobile Check-in Gate QR Points"\n
                               class="erp-nav-sub-link "&gt;\n
                                Gate QR Points\n
                            &lt;/a&gt;\n
                                            &lt;/div&gt;\n
                    &lt;/div&gt;\n
                                    &lt;/div&gt;\n
    &lt;/div&gt;\n
\n
            \n
            \n
            \n
            \n
            \n
                    \n
        \n
                    &lt;p class="erp-nav-section" data-nav-section&gt;Help&lt;/p&gt;\n
            &lt;a href="http://localhost:8000/admin/kb"\n
               data-nav-label="Knowledge Base Workflow Guides"\n
               class="erp-nav-link "&gt;\n
                &lt;svg class="w-4 h-4 shrink-0 opacity-80" fill="none" stroke="currentColor" stroke-width="1.75" viewBox="0 0 24 24"&gt;\n
                    &lt;path d="M12 6.253v13m0-13C10.832 5.477 9.246 5 7.5 5S4.168 5.477 3 6.253v13C4.168 18.477 5.754 18 7.5 18s3.332.477 4.5 1.253m0-13C13.168 5.477 14.754 5 16.5 5c1.747 0 3.332.477 4.5 1.253v13C19.832 18.477 18.247 18 16.5 18c-1.746 0-3.332.477-4.5 1.253" stroke-linecap="round" stroke-linejoin="round"/&gt;\n
                &lt;/svg&gt;\n
                Knowledge Base\n
            &lt;/a&gt;\n
        \n
        \n
                    &lt;p class="erp-nav-section" data-nav-section&gt;Account&lt;/p&gt;\n
            &lt;a href="http://localhost:8000/admin/profile"\n
               data-nav-label="Account My Profile"\n
               class="erp-nav-link "&gt;\n
                My Profile\n
            &lt;/a&gt;\n
            &lt;/nav&gt;\n
\n
    \n
    &lt;div class="erp-sidebar-footer p-3 shrink-0"&gt;\n
        &lt;a href="http://localhost:8000" target="_blank"&gt;\n
            &lt;svg class="w-3.5 h-3.5 shrink-0" fill="none" stroke="currentColor" stroke-width="2" viewBox="0 0 24 24"&gt;\n
                &lt;path d="M10 6H6a2 2 0 00-2 2v10a2 2 0 002 2h10a2 2 0 002-2v-4M14 4h6m0 0v6m0-6L10 14" stroke-linecap="round" stroke-linejoin="round"/&gt;\n
            &lt;/svg&gt;\n
            Public Requirement Form\n
        &lt;/a&gt;\n
    &lt;/div&gt;\n
&lt;/aside&gt;\n
\n
        &lt;div class="flex-1 flex flex-col min-w-0 lg:pl-64"&gt;\n
\n
            &lt;header class="h-14 bg-white border-b border-erp-border flex items-center justify-between px-3 sm:px-4 lg:px-6 shrink-0 sticky top-0 z-40 safe-top"&gt;\n
\n
    &lt;div class="flex items-center gap-2 sm:gap-3 min-w-0 flex-1"&gt;\n
        &lt;button type="button" @click="sidebarOpen = !sidebarOpen"\n
                class="lg:hidden p-2 -ml-1 text-gray-500 hover:text-gray-800 hover:bg-gray-100 rounded-sm min-w-[2.5rem] min-h-[2.5rem] flex items-center justify-center"\n
                aria-label="Toggle menu"&gt;\n
            &lt;svg class="w-5 h-5" fill="none" stroke="currentColor" stroke-width="2" viewBox="0 0 24 24"&gt;\n
                &lt;path d="M4 6h16M4 12h16M4 18h16" stroke-linecap="round"/&gt;\n
            &lt;/svg&gt;\n
        &lt;/button&gt;\n
\n
                    &lt;nav class="flex items-center gap-1.5 text-[10px] sm:text-xs text-gray-400 min-w-0 truncate"&gt;\n
                    &lt;a href="http://localhost:8000/admin/hrm/attendance" class="hover:text-brand"&gt;Attendance&lt;/a&gt;\n
    &lt;span&gt;/&lt;/span&gt;\n
    &lt;span class="text-gray-800 font-medium"&gt;Daily Summary&lt;/span&gt;\n
            &lt;/nav&gt;\n
                    &lt;/div&gt;\n
\n
    &lt;div class="flex items-center gap-2 shrink-0"&gt;\n
        &lt;div class="erp-live-clock hidden sm:flex"\r\n
     x-data="erpLiveClock('UTC')"\r\n
     aria-live="polite"\r\n
     aria-label="Current time"\r\n
     title="UTC"&gt;\r\n
    &lt;span class="erp-live-clock-time"&gt;\r\n
        &lt;span x-text="hour"&gt;&lt;/span&gt;&lt;span class="erp-live-clock-colon"&gt;:&lt;/span&gt;&lt;span x-text="minute"&gt;&lt;/span&gt;\r\n
        &lt;span class="erp-live-clock-period" x-text="period"&gt;&lt;/span&gt;\r\n
    &lt;/span&gt;\r\n
&lt;/div&gt;\r\n
\n
                    &lt;div class="relative z-50 shrink-0" x-data="notificationBell(0, 'http://localhost:8000/admin/notifications/unread-count', true)"&gt;\n
\n
    &lt;button type="button" x-ref="trigger" @click="toggle()" @click.outside="open = false"\n
            class="relative p-2 rounded-md text-gray-500 hover:text-brand hover:bg-brand/5 transition"\n
            title="Notifications"&gt;\n
        &lt;svg class="w-5 h-5" fill="none" stroke="currentColor" stroke-width="1.75" viewBox="0 0 24 24"&gt;\n
            &lt;path d="M15 17h5l-1.405-1.405A2.032 2.032 0 0118 14.158V11a6.002 6.002 0 00-4-5.659V5a2 2 0 10-4 0v.341C7.67 6.165 6 8.388 6 11v3.159c0 .538-.214 1.055-.595 1.436L4 17h5m6 0v1a3 3 0 11-6 0v-1m6 0H9" stroke-linecap="round" stroke-linejoin="round"/&gt;\n
        &lt;/svg&gt;\n
        &lt;span x-show="unreadCount &gt; 0" x-cloak\n
              class="absolute top-0.5 right-0.5 min-w-[17px] h-[17px] px-1 rounded-full bg-gold text-white text-[9px] font-bold flex items-center justify-center leading-none shadow-sm"\n
              x-text="unreadCount &gt; 9 ? '9+' : unreadCount"&gt;&lt;/span&gt;\n
    &lt;/button&gt;\n
\n
    &lt;div x-show="open" x-cloak x-transition\n
         :style="panelStyle"\n
         class="fixed z-[200] w-96 max-w-[calc(100vw-1.5rem)] bg-white border border-erp-border rounded-lg shadow-xl overflow-hidden"&gt;\n
        &lt;div class="flex items-center justify-between px-4 py-3 border-b border-erp-border bg-gradient-to-r from-brand/[0.04] to-gold/5"&gt;\n
            &lt;div&gt;\n
                &lt;p class="text-xs font-bold text-gray-800 uppercase tracking-wide"&gt;Notifications&lt;/p&gt;\n
                &lt;p class="text-[10px] text-gray-400 mt-0.5" x-show="unreadCount &gt; 0" x-cloak&gt;\n
                    &lt;span x-text="unreadCount"&gt;&lt;/span&gt; unread\n
                &lt;/p&gt;\n
            &lt;/div&gt;\n
                    &lt;/div&gt;\n
\n
        &lt;div class="max-h-[22rem] overflow-y-auto erp-sidebar-scroll"&gt;\n
                            &lt;div class="px-4 py-10 text-center"&gt;\n
                    &lt;svg class="w-8 h-8 mx-auto text-gray-300 mb-2" fill="none" stroke="currentColor" stroke-width="1.5" viewBox="0 0 24 24"&gt;\n
                        &lt;path d="M15 17h5l-1.405-1.405A2.032 2.032 0 0118 14.158V11a6.002 6.002 0 00-4-5.659V5a2 2 0 10-4 0v.341C7.67 6.165 6 8.388 6 11v3.159c0 .538-.214 1.055-.595 1.436L4 17h5m6 0v1a3 3 0 11-6 0v-1m6 0H9" stroke-linecap="round" stroke-linejoin="round"/&gt;\n
                    &lt;/svg&gt;\n
                    &lt;p class="text-xs text-gray-400"&gt;No notifications yet.&lt;/p&gt;\n
                &lt;/div&gt;\n
                    &lt;/div&gt;\n
\n
        &lt;div class="border-t border-erp-border px-4 py-2 bg-gray-50/80"&gt;\n
            &lt;a href="http://localhost:8000/admin/notifications" class="block text-center text-[11px] font-semibold text-brand hover:text-brand-dark"&gt;\n
                View all notifications\n
            &lt;/a&gt;\n
        &lt;/div&gt;\n
    &lt;/div&gt;\n
&lt;/div&gt;\n
        \n
        &lt;div class="hidden md:flex items-center gap-2 text-right"&gt;\n
            &lt;div&gt;\n
                &lt;p class="text-xs font-semibold text-gray-800 leading-tight"&gt;HR Viewer&lt;/p&gt;\n
                &lt;p class="text-[10px] text-gray-400 leading-tight"&gt;HR Attendance Viewer&lt;/p&gt;\n
            &lt;/div&gt;\n
            &lt;div class="w-8 h-8 text-xs flex items-center justify-center rounded-sm border border-gray-200 bg-brand text-white font-semibold shrink-0"&gt;\n
        HV\n
    &lt;/div&gt;\n
        &lt;/div&gt;\n
\n
        &lt;form method="POST" action="http://localhost:8000/logout"&gt;\n
            &lt;input type="hidden" name="_token" value="Tbbe7Umm4QsthbNsHdDgxMJqyfSRAzLOj7j8QRWp" autocomplete="off"&gt;            &lt;button type="submit"\n
                    class="erp-btn-secondary !py-1.5 !px-2.5 text-[11px]"\n
                    title="Logout"&gt;\n
                &lt;svg class="w-3.5 h-3.5" fill="none" stroke="currentColor" stroke-width="2" viewBox="0 0 24 24"&gt;\n
                    &lt;path d="M17 16l4-4m0 0l-4-4m4 4H7m6 4v1a3 3 0 01-3 3H6a3 3 0 01-3-3V7a3 3 0 013-3h4a3 3 0 013 3v1" stroke-linecap="round" stroke-linejoin="round"/&gt;\n
                &lt;/svg&gt;\n
                &lt;span class="hidden sm:inline"&gt;Logout&lt;/span&gt;\n
            &lt;/button&gt;\n
        &lt;/form&gt;\n
    &lt;/div&gt;\n
&lt;/header&gt;\n
\n
            &lt;div x-data="toastHub()" class="fixed top-4 right-4 z-[100] space-y-2 w-full max-w-sm pointer-events-none"&gt;\n
    &lt;template x-for="toast in toasts" :key="toast.id"&gt;\n
        &lt;div x-show="toast.visible"\n
             x-transition:enter="transition ease-out duration-300"\n
             x-transition:enter-start="opacity-0 translate-x-4"\n
             x-transition:enter-end="opacity-100 translate-x-0"\n
             x-transition:leave="transition ease-in duration-200"\n
             x-transition:leave-start="opacity-100 translate-x-0"\n
             x-transition:leave-end="opacity-0 translate-x-4"\n
             class="pointer-events-auto bg-white border rounded-sm shadow-lg p-3.5 flex items-start gap-3"\n
             :class="{\n
                'border-emerald-200': toast.type === 'success',\n
                'border-red-200': toast.type === 'error',\n
                'border-amber-200': toast.type === 'warning',\n
                'border-blue-200': toast.type === 'info',\n
             }"&gt;\n
            &lt;span class="text-base shrink-0"\n
                  :class="{\n
                    'text-emerald-500': toast.type === 'success',\n
                    'text-red-500': toast.type === 'error',\n
                    'text-amber-500': toast.type === 'warning',\n
                    'text-blue-500': toast.type === 'info',\n
                  }"\n
                  x-text="toast.type === 'success' ? '✓' : toast.type === 'error' ? '✕' : toast.type === 'warning' ? '!' : 'i'"&gt;&lt;/span&gt;\n
            &lt;p class="text-sm text-gray-700 flex-1 leading-snug" x-text="toast.message"&gt;&lt;/p&gt;\n
            &lt;button type="button" @click="dismiss(toast.id)" class="text-gray-400 hover:text-gray-600 text-xs shrink-0"&gt;✕&lt;/button&gt;\n
        &lt;/div&gt;\n
    &lt;/template&gt;\n
&lt;/div&gt;\n
\n
\n
            &lt;main class="flex-1 p-3 sm:p-4 lg:p-6 min-w-0"&gt;\n
                                \n
&lt;div class="flex flex-col gap-3 mb-4 sm:mb-5 sm:flex-row sm:items-start sm:justify-between"&gt;\n
    &lt;div class="min-w-0 flex-1"&gt;\n
        &lt;h1 class="text-base sm:text-lg font-bold text-gray-900 leading-snug"&gt;Daily Attendance Summary&lt;/h1&gt;\n
                    &lt;p class="text-sm text-gray-700 mt-0.5 leading-relaxed"&gt;Processed IN/OUT, late minutes, and late acceptance status&lt;/p&gt;\n
            &lt;/div&gt;\n
    &lt;/div&gt;\n
\n
&lt;div class="erp-panel mb-4"&gt;\n
    &lt;div class="erp-panel-body"&gt;\n
        &lt;form method="GET" action="http://localhost:8000/admin/hrm/attendance/daily" class="flex flex-wrap items-end gap-3"&gt;\n
            &lt;div class="flex-1 min-w-[180px]"&gt;\n
                &lt;label class="erp-form-label"&gt;Search&lt;/label&gt;\n
                &lt;input type="text" name="search" value="" placeholder="Employee ID, name…" class="erp-input !text-xs"&gt;\n
            &lt;/div&gt;\n
                        &lt;div class="w-36"&gt;\n
                &lt;label class="erp-form-label"&gt;Status&lt;/label&gt;\n
                &lt;select name="status" class="erp-input !text-xs"&gt;\n
                    &lt;option value=""&gt;All&lt;/option&gt;\n
                                            &lt;option value="present" &gt;Present&lt;/option&gt;\n
                                            &lt;option value="late" &gt;Late&lt;/option&gt;\n
                                            &lt;option value="absent" &gt;Absent&lt;/option&gt;\n
                                            &lt;option value="half_day" &gt;Half Day&lt;/option&gt;\n
                                            &lt;option value="holiday" &gt;Holiday&lt;/option&gt;\n
                                            &lt;option value="leave" &gt;Leave&lt;/option&gt;\n
                                            &lt;option value="off_day" &gt;Off Day&lt;/option&gt;\n
                                    &lt;/select&gt;\n
            &lt;/div&gt;\n
            &lt;div class="w-36"&gt;\n
                &lt;label class="erp-form-label"&gt;From&lt;/label&gt;\n
                &lt;input type="date" name="date_from" value="" class="erp-input !text-xs"&gt;\n
            &lt;/div&gt;\n
            &lt;div class="w-36"&gt;\n
                &lt;label class="erp-form-label"&gt;To&lt;/label&gt;\n
                &lt;input type="date" name="date_to" value="" class="erp-input !text-xs"&gt;\n
            &lt;/div&gt;\n
            &lt;button type="submit" class="erp-btn-secondary"&gt;Filter&lt;/button&gt;\n
        &lt;/form&gt;\n
    &lt;/div&gt;\n
&lt;/div&gt;\n
\n
&lt;div class="erp-panel overflow-hidden"&gt;\n
    &lt;div class="erp-panel-head"&gt;\n
        &lt;h2 class="text-xs font-semibold text-gray-700 uppercase tracking-wide"&gt;Daily Logs&lt;/h2&gt;\n
        &lt;span class="text-[11px] text-gray-400"&gt;1 record(s)&lt;/span&gt;\n
    &lt;/div&gt;\n
    &lt;div class="overflow-x-auto"&gt;\n
        &lt;table class="erp-table"&gt;\n
            &lt;thead&gt;\n
                &lt;tr&gt;\n
                    &lt;th&gt;Date&lt;/th&gt;\n
                    &lt;th&gt;Employee&lt;/th&gt;\n
                    &lt;th&gt;Check In&lt;/th&gt;\n
                    &lt;th&gt;Check Out&lt;/th&gt;\n
                    &lt;th&gt;Work&lt;/th&gt;\n
                    &lt;th&gt;Late&lt;/th&gt;\n
                    &lt;th&gt;Status&lt;/th&gt;\n
                &lt;/tr&gt;\n
            &lt;/thead&gt;\n
            &lt;tbody&gt;\n
                                                        &lt;tr&gt;\n
                        &lt;td class="text-xs tabular-nums"&gt;06 Jul 2026&lt;/td&gt;\n
                        &lt;td&gt;\n
                            &lt;p class="font-medium text-sm"&gt;Selfie Worker&lt;/p&gt;\n
                            &lt;p class="text-[11px] text-gray-400 font-mono"&gt;DS-001&lt;/p&gt;\n
                        &lt;/td&gt;\n
                        &lt;td class="text-xs tabular-nums"&gt;9:02 AM&lt;/td&gt;\n
                        &lt;td class="text-xs tabular-nums"&gt;—&lt;/td&gt;\n
                        &lt;td class="text-xs tabular-nums"&gt;—&lt;/td&gt;\n
                        &lt;td class="text-xs tabular-nums"&gt;—&lt;/td&gt;\n
                        &lt;td&gt;&lt;span class="erp-badge bg-green-100 text-green-800"&gt;Present&lt;/span&gt;&lt;/td&gt;\n
                    &lt;/tr&gt;\n
                            &lt;/tbody&gt;\n
        &lt;/table&gt;\n
    &lt;/div&gt;\n
    &lt;/div&gt;\n
            &lt;/main&gt;\n
\n
            &lt;footer class="px-3 sm:px-4 lg:px-6 py-3 border-t border-erp-border bg-white text-[11px] text-gray-400 text-center sm:text-left"&gt;\n
                &amp;copy; 1990 - 2026 Norban Group — A Product of Data State Ltd\n
            &lt;/footer&gt;\n
        &lt;/div&gt;\n
    &lt;/div&gt;\n
\n
    &lt;style&gt;[x-cloak]{display:none!important}&lt;/style&gt;\n
    &lt;div x-data="confirmDialog()" x-init="init()" x-cloak&gt;\r\n
    &lt;div x-show="open"\r\n
         x-cloak\r\n
         x-transition:enter="transition ease-out duration-200"\r\n
         x-transition:enter-start="opacity-0"\r\n
         x-transition:enter-end="opacity-100"\r\n
         x-transition:leave="transition ease-in duration-150"\r\n
         x-transition:leave-start="opacity-100"\r\n
         x-transition:leave-end="opacity-0"\r\n
         class="confirm-dialog-backdrop"\r\n
         @click.self="onBackdropClick()"\r\n
         @keydown.escape.window="open &amp;&amp; cancel()"&gt;\r\n
        &lt;div class="confirm-dialog-card"\r\n
             x-show="open"\r\n
             x-transition:enter="transition ease-out duration-200"\r\n
             x-transition:enter-start="opacity-0 scale-95 translate-y-2"\r\n
             x-transition:enter-end="opacity-100 scale-100 translate-y-0"\r\n
             x-transition:leave="transition ease-in duration-150"\r\n
             x-transition:leave-start="opacity-100 scale-100 translate-y-0"\r\n
             x-transition:leave-end="opacity-0 scale-95 translate-y-2"\r\n
             role="dialog"\r\n
             aria-modal="true"\r\n
             :aria-label="title"&gt;\r\n
            &lt;div class="confirm-dialog-icon"\r\n
                 :class="{\r\n
                    'confirm-dialog-icon-danger': variant === 'danger',\r\n
                    'confirm-dialog-icon-warning': variant === 'warning',\r\n
                    'confirm-dialog-icon-primary': variant === 'primary',\r\n
                 }"&gt;\r\n
                &lt;template x-if="variant === 'danger'"&gt;\r\n
                    &lt;svg class="w-6 h-6" fill="none" stroke="currentColor" stroke-width="1.75" viewBox="0 0 24 24"&gt;\r\n
                        &lt;path stroke-linecap="round" stroke-linejoin="round" d="M12 9v4m0 4h.01M10.29 3.86L1.82 18a2 2 0 001.71 3h16.94a2 2 0 001.71-3L13.71 3.86a2 2 0 00-3.42 0z"/&gt;\r\n
                    &lt;/svg&gt;\r\n
                &lt;/template&gt;\r\n
                &lt;template x-if="variant === 'warning'"&gt;\r\n
                    &lt;svg class="w-6 h-6" fill="none" stroke="currentColor" stroke-width="1.75" viewBox="0 0 24 24"&gt;\r\n
                        &lt;path stroke-linecap="round" stroke-linejoin="round" d="M12 9v2m0 4h.01M5.07 19h13.86c1.54 0 2.5-1.67 1.73-3L13.73 4c-.77-1.33-2.69-1.33-3.46 0L3.34 16c-.77 1.33.19 3 1.73 3z"/&gt;\r\n
                    &lt;/svg&gt;\r\n
                &lt;/template&gt;\r\n
                &lt;template x-if="variant === 'primary'"&gt;\r\n
                    &lt;svg class="w-6 h-6" fill="none" stroke="currentColor" stroke-width="1.75" viewBox="0 0 24 24"&gt;\r\n
                        &lt;path stroke-linecap="round" stroke-linejoin="round" d="M8.228 9c.549-1.165 2.03-2 3.772-2 2.21 0 4 1.343 4 3 0 1.4-1.278 2.575-3.006 2.907-.542.104-.994.54-.994 1.093m0 3h.01M21 12a9 9 0 11-18 0 9 9 0 0118 0z"/&gt;\r\n
                    &lt;/svg&gt;\r\n
                &lt;/template&gt;\r\n
            &lt;/div&gt;\r\n
\r\n
            &lt;h3 class="confirm-dialog-title" x-text="title"&gt;&lt;/h3&gt;\r\n
            &lt;p class="confirm-dialog-message" x-text="message"&gt;&lt;/p&gt;\r\n
\r\n
            &lt;div class="confirm-dialog-actions"&gt;\r\n
                &lt;button type="button" class="confirm-dialog-btn-cancel" @click="cancel()" x-text="cancelText"&gt;&lt;/button&gt;\r\n
                &lt;button type="button"\r\n
                        class="confirm-dialog-btn-confirm"\r\n
                        :class="{\r\n
                            'confirm-dialog-btn-danger': variant === 'danger',\r\n
                            'confirm-dialog-btn-warning': variant === 'warning',\r\n
                            'confirm-dialog-btn-primary': variant === 'primary',\r\n
                        }"\r\n
                        @click="confirm()"\r\n
                        x-text="confirmText"&gt;&lt;/button&gt;\r\n
            &lt;/div&gt;\r\n
        &lt;/div&gt;\r\n
    &lt;/div&gt;\r\n
&lt;/div&gt;\r\n
    &lt;/body&gt;\n
&lt;/html&gt;\n
' [UTF-8](length: 54180) contains "storage/attendance-photos/DS-001/20260706_090200.jpg" [ASCII](length: 52).
&#13;
C:\wamp64\www\order-portal\vendor\laravel\framework\src\Illuminate\Testing\TestResponseAssert.php:45
C:\wamp64\www\order-portal\vendor\laravel\framework\src\Illuminate\Testing\TestResponse.php:713
C:\wamp64\www\order-portal\tests\Feature\AttendanceDailySummarySelfieTest.php:85</failure>
        </testcase>
        <testcase name="test_daily_summary_shows_placeholder_when_no_selfie" file="C:\wamp64\www\order-portal\tests\Feature\AttendanceDailySummarySelfieTest.php" line="99" class="Tests\Feature\AttendanceDailySummarySelfieTest" classname="Tests.Feature.AttendanceDailySummarySelfieTest" assertions="2" time="0.430315"/>
      </testsuite>
      <testsuite name="Tests\Feature\AttendanceLateAcceptanceTest" file="C:\wamp64\www\order-portal\tests\Feature\AttendanceLateAcceptanceTest.php" tests="4" assertions="12" errors="0" failures="1" skipped="0" time="1.807500">
        <testcase name="test_fourth_consecutive_late_charges_one_day_wage" file="C:\wamp64\www\order-portal\tests\Feature\AttendanceLateAcceptanceTest.php" line="102" class="Tests\Feature\AttendanceLateAcceptanceTest" classname="Tests.Feature.AttendanceLateAcceptanceTest" assertions="3" time="0.324030"/>
        <testcase name="test_approved_late_acceptance_forgives_deduction" file="C:\wamp64\www\order-portal\tests\Feature\AttendanceLateAcceptanceTest.php" line="122" class="Tests\Feature\AttendanceLateAcceptanceTest" classname="Tests.Feature.AttendanceLateAcceptanceTest" assertions="4" time="0.401064"/>
        <testcase name="test_employee_can_apply_for_late_acceptance" file="C:\wamp64\www\order-portal\tests\Feature\AttendanceLateAcceptanceTest.php" line="159" class="Tests\Feature\AttendanceLateAcceptanceTest" classname="Tests.Feature.AttendanceLateAcceptanceTest" assertions="1" time="0.500457">
          <failure type="PHPUnit\Framework\ExpectationFailedException">Tests\Feature\AttendanceLateAcceptanceTest::test_employee_can_apply_for_late_acceptance&#13;
Expected response status code [201, 301, 302, 303, 307, 308] but received 403.
Failed asserting that false is true.
&#13;
C:\wamp64\www\order-portal\vendor\laravel\framework\src\Illuminate\Testing\TestResponseAssert.php:45
C:\wamp64\www\order-portal\vendor\laravel\framework\src\Illuminate\Testing\TestResponse.php:201
C:\wamp64\www\order-portal\tests\Feature\AttendanceLateAcceptanceTest.php:173</failure>
        </testcase>
        <testcase name="test_hr_can_view_attendance_hub_and_late_acceptance" file="C:\wamp64\www\order-portal\tests\Feature\AttendanceLateAcceptanceTest.php" line="182" class="Tests\Feature\AttendanceLateAcceptanceTest" classname="Tests.Feature.AttendanceLateAcceptanceTest" assertions="4" time="0.581948"/>
      </testsuite>
      <testsuite name="Tests\Feature\AttendanceLunchHalfDayTest" file="C:\wamp64\www\order-portal\tests\Feature\AttendanceLunchHalfDayTest.php" tests="6" assertions="25" errors="0" failures="0" skipped="0" time="1.991708">
        <testcase name="test_employee_shift_relation_is_used_for_lunch_rules" file="C:\wamp64\www\order-portal\tests\Feature\AttendanceLunchHalfDayTest.php" line="58" class="Tests\Feature\AttendanceLunchHalfDayTest" classname="Tests.Feature.AttendanceLunchHalfDayTest" assertions="3" time="0.319945"/>
        <testcase name="test_work_minutes_exclude_lunch_overlap_for_full_day" file="C:\wamp64\www\order-portal\tests\Feature\AttendanceLunchHalfDayTest.php" line="67" class="Tests\Feature\AttendanceLunchHalfDayTest" classname="Tests.Feature.AttendanceLunchHalfDayTest" assertions="1" time="0.291355"/>
        <testcase name="test_check_in_after_lunch_is_auto_half_day_second_half" file="C:\wamp64\www\order-portal\tests\Feature\AttendanceLunchHalfDayTest.php" line="78" class="Tests\Feature\AttendanceLunchHalfDayTest" classname="Tests.Feature.AttendanceLunchHalfDayTest" assertions="7" time="0.327939"/>
        <testcase name="test_check_out_during_lunch_is_auto_half_day_first_half" file="C:\wamp64\www\order-portal\tests\Feature\AttendanceLunchHalfDayTest.php" line="96" class="Tests\Feature\AttendanceLunchHalfDayTest" classname="Tests.Feature.AttendanceLunchHalfDayTest" assertions="5" time="0.360076"/>
        <testcase name="test_on_time_full_day_remains_present" file="C:\wamp64\www\order-portal\tests\Feature\AttendanceLunchHalfDayTest.php" line="112" class="Tests\Feature\AttendanceLunchHalfDayTest" classname="Tests.Feature.AttendanceLunchHalfDayTest" assertions="5" time="0.348641"/>
        <testcase name="test_late_before_lunch_without_leaving_during_lunch_stays_late_not_half_day" file="C:\wamp64\www\order-portal\tests\Feature\AttendanceLunchHalfDayTest.php" line="128" class="Tests\Feature\AttendanceLunchHalfDayTest" classname="Tests.Feature.AttendanceLunchHalfDayTest" assertions="4" time="0.343753"/>
      </testsuite>
      <testsuite name="Tests\Feature\AttendanceMultiChannelTest" file="C:\wamp64\www\order-portal\tests\Feature\AttendanceMultiChannelTest.php" tests="11" assertions="63" errors="0" failures="0" skipped="0" time="4.732453">
        <testcase name="test_speedface_iclock_push_creates_instant_daily_log" file="C:\wamp64\www\order-portal\tests\Feature\AttendanceMultiChannelTest.php" line="92" class="Tests\Feature\AttendanceMultiChannelTest" classname="Tests.Feature.AttendanceMultiChannelTest" assertions="6" time="0.442178"/>
        <testcase name="test_iclock_duplicate_punch_is_skipped" file="C:\wamp64\www\order-portal\tests\Feature\AttendanceMultiChannelTest.php" line="114" class="Tests\Feature\AttendanceMultiChannelTest" classname="Tests.Feature.AttendanceMultiChannelTest" assertions="1" time="0.344543"/>
        <testcase name="test_employee_mobile_check_in_with_geofence" file="C:\wamp64\www\order-portal\tests\Feature\AttendanceMultiChannelTest.php" line="128" class="Tests\Feature\AttendanceMultiChannelTest" classname="Tests.Feature.AttendanceMultiChannelTest" assertions="7" time="0.524451"/>
        <testcase name="test_employee_mobile_check_in_rejected_outside_geofence" file="C:\wamp64\www\order-portal\tests\Feature\AttendanceMultiChannelTest.php" line="162" class="Tests\Feature\AttendanceMultiChannelTest" classname="Tests.Feature.AttendanceMultiChannelTest" assertions="6" time="0.305339"/>
        <testcase name="test_mobile_check_in_still_succeeds_if_photo_disk_fails" file="C:\wamp64\www\order-portal\tests\Feature\AttendanceMultiChannelTest.php" line="186" class="Tests\Feature\AttendanceMultiChannelTest" classname="Tests.Feature.AttendanceMultiChannelTest" assertions="5" time="0.461591"/>
[...]
        <testcase name="test_authority_can_edit_both_readings" file="C:\wamp64\www\order-portal\tests\Feature\TmsOdometerTest.php" line="137" class="Tests\Feature\TmsOdometerTest" classname="Tests.Feature.TmsOdometerTest" assertions="5" time="0.461628"/>
        <testcase name="test_authority_can_delete_odometer_log" file="C:\wamp64\www\order-portal\tests\Feature\TmsOdometerTest.php" line="166" class="Tests\Feature\TmsOdometerTest" classname="Tests.Feature.TmsOdometerTest" assertions="4" time="0.447594"/>
        <testcase name="test_odometer_reminder_command_notifies_missing_morning" file="C:\wamp64\www\order-portal\tests\Feature\TmsOdometerTest.php" line="188" class="Tests\Feature\TmsOdometerTest" classname="Tests.Feature.TmsOdometerTest" assertions="2" time="0.488863"/>
      </testsuite>
      <testsuite name="Tests\Feature\TmsRentalDriverTest" file="C:\wamp64\www\order-portal\tests\Feature\TmsRentalDriverTest.php" tests="3" assertions="22" errors="0" failures="0" skipped="0" time="2.189914">
        <testcase name="test_rental_driver_crud_with_vendor_dropdown" file="C:\wamp64\www\order-portal\tests\Feature\TmsRentalDriverTest.php" line="18" class="Tests\Feature\TmsRentalDriverTest" classname="Tests.Feature.TmsRentalDriverTest" assertions="11" time="0.838601"/>
        <testcase name="test_rental_driver_photo_upload_and_display" file="C:\wamp64\www\order-portal\tests\Feature\TmsRentalDriverTest.php" line="71" class="Tests\Feature\TmsRentalDriverTest" classname="Tests.Feature.TmsRentalDriverTest" assertions="8" time="0.824124"/>
        <testcase name="test_rental_driver_show_modal" file="C:\wamp64\www\order-portal\tests\Feature\TmsRentalDriverTest.php" line="113" class="Tests\Feature\TmsRentalDriverTest" classname="Tests.Feature.TmsRentalDriverTest" assertions="3" time="0.527190"/>
      </testsuite>
      <testsuite name="Tests\Feature\TmsRentalKmBillingTest" file="C:\wamp64\www\order-portal\tests\Feature\TmsRentalKmBillingTest.php" tests="7" assertions="42" errors="0" failures="0" skipped="0" time="4.978061">
        <testcase name="test_settings_save_billing_fields" file="C:\wamp64\www\order-portal\tests\Feature\TmsRentalKmBillingTest.php" line="104" class="Tests\Feature\TmsRentalKmBillingTest" classname="Tests.Feature.TmsRentalKmBillingTest" assertions="5" time="0.459047"/>
        <testcase name="test_rate_resolver_uses_vehicle_then_vendor_then_factory" file="C:\wamp64\www\order-portal\tests\Feature\TmsRentalKmBillingTest.php" line="125" class="Tests\Feature\TmsRentalKmBillingTest" classname="Tests.Feature.TmsRentalKmBillingTest" assertions="3" time="0.527154"/>
        <testcase name="test_rental_trip_calculates_km_charge_at_12_per_km" file="C:\wamp64\www\order-portal\tests\Feature\TmsRentalKmBillingTest.php" line="165" class="Tests\Feature\TmsRentalKmBillingTest" classname="Tests.Feature.TmsRentalKmBillingTest" assertions="10" time="0.703050"/>
        <testcase name="test_rental_trip_no_longer_requires_trip_km" file="C:\wamp64\www\order-portal\tests\Feature\TmsRentalKmBillingTest.php" line="213" class="Tests\Feature\TmsRentalKmBillingTest" classname="Tests.Feature.TmsRentalKmBillingTest" assertions="8" time="0.930680"/>
        <testcase name="test_own_vehicle_trip_works_without_km" file="C:\wamp64\www\order-portal\tests\Feature\TmsRentalKmBillingTest.php" line="276" class="Tests\Feature\TmsRentalKmBillingTest" classname="Tests.Feature.TmsRentalKmBillingTest" assertions="8" time="0.810584"/>
        <testcase name="test_daily_billing_skips_incomplete_odometer_log" file="C:\wamp64\www\order-portal\tests\Feature\TmsRentalKmBillingTest.php" line="333" class="Tests\Feature\TmsRentalKmBillingTest" classname="Tests.Feature.TmsRentalKmBillingTest" assertions="1" time="0.427753"/>
        <testcase name="test_rental_charges_hub_and_unmark_paid" file="C:\wamp64\www\order-portal\tests\Feature\TmsRentalKmBillingTest.php" line="362" class="Tests\Feature\TmsRentalKmBillingTest" classname="Tests.Feature.TmsRentalKmBillingTest" assertions="7" time="1.119793"/>
      </testsuite>
      <testsuite name="TmsRequestSubmittedNotificationTest" file="C:\wamp64\www\order-portal\tests\Feature\TmsRequestSubmittedNotificationTest.php" tests="3" assertions="7" errors="0" failures="0" skipped="0" time="1.840269">
        <testcase name="test_employee_submit_notifies_primary_admin_even_when_portal_user_id_matches" file="C:\wamp64\www\order-portal\tests\Feature\TmsRequestSubmittedNotificationTest.php" line="18" class="TmsRequestSubmittedNotificationTest" classname="TmsRequestSubmittedNotificationTest" assertions="3" time="0.584772"/>
        <testcase name="test_employee_submit_notifies_unit_scoped_admin" file="C:\wamp64\www\order-portal\tests\Feature\TmsRequestSubmittedNotificationTest.php" line="76" class="TmsRequestSubmittedNotificationTest" classname="TmsRequestSubmittedNotificationTest" assertions="3" time="0.695741"/>
        <testcase name="test_employee_submit_notifies_cross_unit_admin" file="C:\wamp64\www\order-portal\tests\Feature\TmsRequestSubmittedNotificationTest.php" line="131" class="TmsRequestSubmittedNotificationTest" classname="TmsRequestSubmittedNotificationTest" assertions="1" time="0.559756"/>
      </testsuite>
      <testsuite name="Tests\Feature\TmsRolePermissionsTest" file="C:\wamp64\www\order-portal\tests\Feature\TmsRolePermissionsTest.php" tests="5" assertions="32" errors="0" failures="0" skipped="0" time="2.281251">
        <testcase name="test_tms_manage_implies_view_permission" file="C:\wamp64\www\order-portal\tests\Feature\TmsRolePermissionsTest.php" line="15" class="Tests\Feature\TmsRolePermissionsTest" classname="Tests.Feature.TmsRolePermissionsTest" assertions="3" time="0.515568"/>
        <testcase name="test_tms_requests_approve_implies_view_permission" file="C:\wamp64\www\order-portal\tests\Feature\TmsRolePermissionsTest.php" line="27" class="Tests\Feature\TmsRolePermissionsTest" classname="Tests.Feature.TmsRolePermissionsTest" assertions="2" time="0.456558"/>
        <testcase name="test_any_tms_permission_implies_dashboard_view" file="C:\wamp64\www\order-portal\tests\Feature\TmsRolePermissionsTest.php" line="38" class="Tests\Feature\TmsRolePermissionsTest" classname="Tests.Feature.TmsRolePermissionsTest" assertions="1" time="0.345350"/>
        <testcase name="test_manage_permission_grants_tms_submodule_view" file="C:\wamp64\www\order-portal\tests\Feature\TmsRolePermissionsTest.php" line="48" class="Tests\Feature\TmsRolePermissionsTest" classname="Tests.Feature.TmsRolePermissionsTest" assertions="4" time="0.444070"/>
        <testcase name="test_transport_authority_catalog_matches_config_permissions" file="C:\wamp64\www\order-portal\tests\Feature\TmsRolePermissionsTest.php" line="68" class="Tests\Feature\TmsRolePermissionsTest" classname="Tests.Feature.TmsRolePermissionsTest" assertions="22" time="0.519705"/>
      </testsuite>
      <testsuite name="Tests\Feature\TmsVehiclePapersTest" file="C:\wamp64\www\order-portal\tests\Feature\TmsVehiclePapersTest.php" tests="10" assertions="46" errors="0" failures="0" skipped="0" time="6.622532">
        <testcase name="test_papers_status_page_lists_vehicle_with_expired_tax_token" file="C:\wamp64\www\order-portal\tests\Feature\TmsVehiclePapersTest.php" line="131" class="Tests\Feature\TmsVehiclePapersTest" classname="Tests.Feature.TmsVehiclePapersTest" assertions="4" time="0.813180"/>
        <testcase name="test_papers_status_page_supports_search_and_pagination" file="C:\wamp64\www\order-portal\tests\Feature\TmsVehiclePapersTest.php" line="141" class="Tests\Feature\TmsVehiclePapersTest" classname="Tests.Feature.TmsVehiclePapersTest" assertions="6" time="1.236267"/>
        <testcase name="test_papers_status_ajax_returns_results_partial" file="C:\wamp64\www\order-portal\tests\Feature\TmsVehiclePapersTest.php" line="166" class="Tests\Feature\TmsVehiclePapersTest" classname="Tests.Feature.TmsVehiclePapersTest" assertions="3" time="0.458775"/>
        <testcase name="test_papers_status_print_matches_excel_layout" file="C:\wamp64\www\order-portal\tests\Feature\TmsVehiclePapersTest.php" line="176" class="Tests\Feature\TmsVehiclePapersTest" classname="Tests.Feature.TmsVehiclePapersTest" assertions="8" time="0.490894"/>
        <testcase name="test_paper_renewal_updates_vehicle_expiry_and_logs_history" file="C:\wamp64\www\order-portal\tests\Feature\TmsVehiclePapersTest.php" line="190" class="Tests\Feature\TmsVehiclePapersTest" classname="Tests.Feature.TmsVehiclePapersTest" assertions="7" time="0.491358"/>
        <testcase name="test_expired_paper_does_not_block_trip_approval" file="C:\wamp64\www\order-portal\tests\Feature\TmsVehiclePapersTest.php" line="213" class="Tests\Feature\TmsVehiclePapersTest" classname="Tests.Feature.TmsVehiclePapersTest" assertions="3" time="0.705817"/>
        <testcase name="test_vehicle_paper_service_marks_expired_and_urgent_statuses" file="C:\wamp64\www\order-portal\tests\Feature\TmsVehiclePapersTest.php" line="230" class="Tests\Feature\TmsVehiclePapersTest" classname="Tests.Feature.TmsVehiclePapersTest" assertions="4" time="0.504034"/>
        <testcase name="test_alert_papers_lists_non_ok_documents" file="C:\wamp64\www\order-portal\tests\Feature\TmsVehiclePapersTest.php" line="251" class="Tests\Feature\TmsVehiclePapersTest" classname="Tests.Feature.TmsVehiclePapersTest" assertions="3" time="0.478937"/>
        <testcase name="test_dashboard_shows_paper_alert_counts" file="C:\wamp64\www\order-portal\tests\Feature\TmsVehiclePapersTest.php" line="266" class="Tests\Feature\TmsVehiclePapersTest" classname="Tests.Feature.TmsVehiclePapersTest" assertions="4" time="0.795936"/>
        <testcase name="test_vehicle_form_accepts_extended_asset_and_paper_fields" file="C:\wamp64\www\order-portal\tests\Feature\TmsVehiclePapersTest.php" line="276" class="Tests\Feature\TmsVehiclePapersTest" classname="Tests.Feature.TmsVehiclePapersTest" assertions="4" time="0.647333"/>
      </testsuite>
      <testsuite name="Tests\Feature\TmsVehicleSeederVerificationTest" file="C:\wamp64\www\order-portal\tests\Feature\TmsVehicleSeederVerificationTest.php" tests="8" assertions="301" errors="0" failures="0" skipped="0" time="18.455010">
        <testcase name="test_seed_data_file_contains_all_fifty_spreadsheet_vehicles" file="C:\wamp64\www\order-portal\tests\Feature\TmsVehicleSeederVerificationTest.php" line="110" class="Tests\Feature\TmsVehicleSeederVerificationTest" classname="Tests.Feature.TmsVehicleSeederVerificationTest" assertions="2" time="0.453978"/>
        <testcase name="test_vehicle_seeder_inserts_all_fifty_vehicles" file="C:\wamp64\www\order-portal\tests\Feature\TmsVehicleSeederVerificationTest.php" line="124" class="Tests\Feature\TmsVehicleSeederVerificationTest" classname="Tests.Feature.TmsVehicleSeederVerificationTest" assertions="51" time="2.645008"/>
        <testcase name="test_vehicle_seeder_vehicle_names_match_spreadsheet" file="C:\wamp64\www\order-portal\tests\Feature\TmsVehicleSeederVerificationTest.php" line="138" class="Tests\Feature\TmsVehicleSeederVerificationTest" classname="Tests.Feature.TmsVehicleSeederVerificationTest" assertions="26" time="2.086194"/>
        <testcase name="test_vehicle_seeder_sets_category_and_seats_by_model" file="C:\wamp64\www\order-portal\tests\Feature\TmsVehicleSeederVerificationTest.php" line="151" class="Tests\Feature\TmsVehicleSeederVerificationTest" classname="Tests.Feature.TmsVehicleSeederVerificationTest" assertions="130" time="2.109615"/>
        <testcase name="test_vehicle_seeder_blank_sheet_cells_stay_null" file="C:\wamp64\www\order-portal\tests\Feature\TmsVehicleSeederVerificationTest.php" line="171" class="Tests\Feature\TmsVehicleSeederVerificationTest" classname="Tests.Feature.TmsVehicleSeederVerificationTest" assertions="6" time="2.191546"/>
        <testcase name="test_vehicle_seeder_paper_dates_match_sheet1" file="C:\wamp64\www\order-portal\tests\Feature\TmsVehicleSeederVerificationTest.php" line="189" class="Tests\Feature\TmsVehicleSeederVerificationTest" classname="Tests.Feature.TmsVehicleSeederVerificationTest" assertions="18" time="2.046610"/>
        <testcase name="test_vehicle_seeder_assigns_factory_from_sheet1_owner" file="C:\wamp64\www\order-portal\tests\Feature\TmsVehicleSeederVerificationTest.php" line="233" class="Tests\Feature\TmsVehicleSeederVerificationTest" classname="Tests.Feature.TmsVehicleSeederVerificationTest" assertions="60" time="2.320379"/>
        <testcase name="test_vehicle_seeder_removes_orphan_records_not_in_spreadsheet" file="C:\wamp64\www\order-portal\tests\Feature\TmsVehicleSeederVerificationTest.php" line="258" class="Tests\Feature\TmsVehicleSeederVerificationTest" classname="Tests.Feature.TmsVehicleSeederVerificationTest" assertions="8" time="4.601682"/>
      </testsuite>
      <testsuite name="Tests\Feature\TmsVehicleShowTest" file="C:\wamp64\www\order-portal\tests\Feature\TmsVehicleShowTest.php" tests="5" assertions="29" errors="0" failures="0" skipped="0" time="6.781809">
        <testcase name="test_seeded_style_vehicle_show_page_loads" file="C:\wamp64\www\order-portal\tests\Feature\TmsVehicleShowTest.php" line="16" class="Tests\Feature\TmsVehicleShowTest" classname="Tests.Feature.TmsVehicleShowTest" assertions="3" time="0.822124"/>
        <testcase name="test_vehicle_edit_allocated_user_lists_employees_from_all_units_for_cross_unit_user" file="C:\wamp64\www\order-portal\tests\Feature\TmsVehicleShowTest.php" line="59" class="Tests\Feature\TmsVehicleShowTest" classname="Tests.Feature.TmsVehicleShowTest" assertions="4" time="0.758974"/>
        <testcase name="test_vehicle_can_assign_primary_driver_from_another_unit" file="C:\wamp64\www\order-portal\tests\Feature\TmsVehicleShowTest.php" line="114" class="Tests\Feature\TmsVehicleShowTest" classname="Tests.Feature.TmsVehicleShowTest" assertions="3" time="0.470764"/>
        <testcase name="test_vehicle_seeder_data_maps_paper_fields" file="C:\wamp64\www\order-portal\tests\Feature\TmsVehicleShowTest.php" line="174" class="Tests\Feature\TmsVehicleShowTest" classname="Tests.Feature.TmsVehicleShowTest" assertions="10" time="2.835185"/>
        <testcase name="test_vehicle_seeder_respects_blank_sheet_cells" file="C:\wamp64\www\order-portal\tests\Feature\TmsVehicleShowTest.php" line="194" class="Tests\Feature\TmsVehicleShowTest" classname="Tests.Feature.TmsVehicleShowTest" assertions="9" time="1.894762"/>
      </testsuite>
      <testsuite name="Tests\Feature\TmsWorkflowTest" file="C:\wamp64\www\order-portal\tests\Feature\TmsWorkflowTest.php" tests="19" assertions="93" errors="0" failures="0" skipped="0" time="12.165337">
        <testcase name="test_employee_submits_request_and_authority_sees_pending" file="C:\wamp64\www\order-portal\tests\Feature\TmsWorkflowTest.php" line="164" class="Tests\Feature\TmsWorkflowTest" classname="Tests.Feature.TmsWorkflowTest" assertions="5" time="0.903535"/>
        <testcase name="test_authority_approves_request_and_assigns_driver_and_vehicle" file="C:\wamp64\www\order-portal\tests\Feature\TmsWorkflowTest.php" line="184" class="Tests\Feature\TmsWorkflowTest" classname="Tests.Feature.TmsWorkflowTest" assertions="18" time="0.963466"/>
        <testcase name="test_authority_can_approve_with_driver_and_vehicle_from_another_unit" file="C:\wamp64\www\order-portal\tests\Feature\TmsWorkflowTest.php" line="228" class="Tests\Feature\TmsWorkflowTest" classname="Tests.Feature.TmsWorkflowTest" assertions="4" time="0.679190"/>
        <testcase name="test_driver_from_another_unit_can_start_assigned_trip" file="C:\wamp64\www\order-portal\tests\Feature\TmsWorkflowTest.php" line="299" class="Tests\Feature\TmsWorkflowTest" classname="Tests.Feature.TmsWorkflowTest" assertions="5" time="0.548187"/>
        <testcase name="test_driver_receives_trip_assigned_notification_on_approve" file="C:\wamp64\www\order-portal\tests\Feature\TmsWorkflowTest.php" line="353" class="Tests\Feature\TmsWorkflowTest" classname="Tests.Feature.TmsWorkflowTest" assertions="2" time="0.500896"/>
        <testcase name="test_full_workflow_with_ot_calculation_without_driver_km" file="C:\wamp64\www\order-portal\tests\Feature\TmsWorkflowTest.php" line="393" class="Tests\Feature\TmsWorkflowTest" classname="Tests.Feature.TmsWorkflowTest" assertions="12" time="0.974634"/>
        <testcase name="test_merge_three_requests_into_one_trip_on_three_seater" file="C:\wamp64\www\order-portal\tests\Feature\TmsWorkflowTest.php" line="437" class="Tests\Feature\TmsWorkflowTest" classname="Tests.Feature.TmsWorkflowTest" assertions="5" time="0.688987"/>
        <testcase name="test_merge_blocked_when_exceeding_vehicle_capacity" file="C:\wamp64\www\order-portal\tests\Feature\TmsWorkflowTest.php" line="470" class="Tests\Feature\TmsWorkflowTest" classname="Tests.Feature.TmsWorkflowTest" assertions="2" time="0.682495"/>
        <testcase name="test_employee_can_cancel_pending_request" file="C:\wamp64\www\order-portal\tests\Feature\TmsWorkflowTest.php" line="497" class="Tests\Feature\TmsWorkflowTest" classname="Tests.Feature.TmsWorkflowTest" assertions="3" time="0.479735"/>
        <testcase name="test_employee_can_cancel_approved_request_before_trip_starts" file="C:\wamp64\www\order-portal\tests\Feature\TmsWorkflowTest.php" line="517" class="Tests\Feature\TmsWorkflowTest" classname="Tests.Feature.TmsWorkflowTest" assertions="7" time="0.505543"/>
        <testcase name="test_employee_cannot_cancel_after_trip_starts" file="C:\wamp64\www\order-portal\tests\Feature\TmsWorkflowTest.php" line="551" class="Tests\Feature\TmsWorkflowTest" classname="Tests.Feature.TmsWorkflowTest" assertions="3" time="0.715612"/>
        <testcase name="test_non_driver_cannot_access_trips" file="C:\wamp64\www\order-portal\tests\Feature\TmsWorkflowTest.php" line="582" class="Tests\Feature\TmsWorkflowTest" classname="Tests.Feature.TmsWorkflowTest" assertions="1" time="0.422420"/>
        <testcase name="test_factory_scoped_user_cannot_view_other_factory_request" file="C:\wamp64\www\order-portal\tests\Feature\TmsWorkflowTest.php" line="589" class="Tests\Feature\TmsWorkflowTest" classname="Tests.Feature.TmsWorkflowTest" assertions="1" time="0.398390"/>
        <testcase name="test_ot_zero_when_driver_overtime_inactive" file="C:\wamp64\www\order-portal\tests\Feature\TmsWorkflowTest.php" line="612" class="Tests\Feature\TmsWorkflowTest" classname="Tests.Feature.TmsWorkflowTest" assertions="2" time="0.564959"/>
        <testcase name="test_employee_can_edit_pending_request" file="C:\wamp64\www\order-portal\tests\Feature\TmsWorkflowTest.php" line="648" class="Tests\Feature\TmsWorkflowTest" classname="Tests.Feature.TmsWorkflowTest" assertions="5" time="0.462331"/>
        <testcase name="test_admin_can_cancel_approved_request_before_trip_starts" file="C:\wamp64\www\order-portal\tests\Feature\TmsWorkflowTest.php" line="677" class="Tests\Feature\TmsWorkflowTest" classname="Tests.Feature.TmsWorkflowTest" assertions="5" time="0.518132"/>
        <testcase name="test_admin_can_reassign_driver_before_trip_starts" file="C:\wamp64\www\order-portal\tests\Feature\TmsWorkflowTest.php" line="711" class="Tests\Feature\TmsWorkflowTest" classname="Tests.Feature.TmsWorkflowTest" assertions="5" time="0.743462"/>
        <testcase name="test_admin_can_abort_in_progress_trip" file="C:\wamp64\www\order-portal\tests\Feature\TmsWorkflowTest.php" line="765" class="Tests\Feature\TmsWorkflowTest" classname="Tests.Feature.TmsWorkflowTest" assertions="5" time="0.619551"/>
        <testcase name="test_request_show_displays_status_history" file="C:\wamp64\www\order-portal\tests\Feature\TmsWorkflowTest.php" line="803" class="Tests\Feature\TmsWorkflowTest" classname="Tests.Feature.TmsWorkflowTest" assertions="3" time="0.793813"/>
      </testsuite>
    </testsuite>
  </testsuite>
</testsuites>
